{"/home/dan_wsl/jaydeelew/CompareIntel/frontend/src/components/LatexRenderer.tsx": {"path":"/home/dan_wsl/jaydeelew/CompareIntel/frontend/src/components/LatexRenderer.tsx","statementMap":{"0":{"start":{"line":50,"column":30},"end":{"line":60,"column":null}},"1":{"start":{"line":54,"column":4},"end":{"line":54,"column":null}},"2":{"start":{"line":69,"column":24},"end":{"line":104,"column":null}},"3":{"start":{"line":74,"column":2},"end":{"line":103,"column":null}},"4":{"start":{"line":75,"column":23},"end":{"line":78,"column":null}},"5":{"start":{"line":80,"column":4},"end":{"line":80,"column":null}},"6":{"start":{"line":80,"column":21},"end":{"line":80,"column":null}},"7":{"start":{"line":84,"column":23},"end":{"line":84,"column":null}},"8":{"start":{"line":85,"column":28},"end":{"line":87,"column":null}},"9":{"start":{"line":86,"column":43},"end":{"line":86,"column":null}},"10":{"start":{"line":89,"column":20},"end":{"line":94,"column":null}},"11":{"start":{"line":96,"column":4},"end":{"line":96,"column":null}},"12":{"start":{"line":99,"column":18},"end":{"line":101,"column":null}},"13":{"start":{"line":102,"column":4},"end":{"line":102,"column":null}},"14":{"start":{"line":109,"column":26},"end":{"line":135,"column":null}},"15":{"start":{"line":111,"column":2},"end":{"line":117,"column":null}},"16":{"start":{"line":116,"column":4},"end":{"line":116,"column":null}},"17":{"start":{"line":120,"column":2},"end":{"line":122,"column":null}},"18":{"start":{"line":121,"column":4},"end":{"line":121,"column":null}},"19":{"start":{"line":125,"column":2},"end":{"line":127,"column":null}},"20":{"start":{"line":126,"column":4},"end":{"line":126,"column":null}},"21":{"start":{"line":130,"column":2},"end":{"line":132,"column":null}},"22":{"start":{"line":131,"column":4},"end":{"line":131,"column":null}},"23":{"start":{"line":134,"column":2},"end":{"line":134,"column":null}},"24":{"start":{"line":141,"column":27},"end":{"line":212,"column":null}},"25":{"start":{"line":142,"column":15},"end":{"line":142,"column":null}},"26":{"start":{"line":145,"column":28},"end":{"line":154,"column":null}},"27":{"start":{"line":146,"column":16},"end":{"line":146,"column":null}},"28":{"start":{"line":147,"column":14},"end":{"line":147,"column":null}},"29":{"start":{"line":148,"column":4},"end":{"line":152,"column":null}},"30":{"start":{"line":149,"column":6},"end":{"line":150,"column":null}},"31":{"start":{"line":149,"column":28},"end":{"line":149,"column":null}},"32":{"start":{"line":149,"column":28},"end":{"line":150,"column":null}},"33":{"start":{"line":150,"column":33},"end":{"line":150,"column":null}},"34":{"start":{"line":151,"column":6},"end":{"line":151,"column":null}},"35":{"start":{"line":153,"column":4},"end":{"line":153,"column":null}},"36":{"start":{"line":157,"column":18},"end":{"line":157,"column":null}},"37":{"start":{"line":158,"column":2},"end":{"line":209,"column":null}},"38":{"start":{"line":159,"column":22},"end":{"line":159,"column":null}},"39":{"start":{"line":160,"column":4},"end":{"line":160,"column":null}},"40":{"start":{"line":160,"column":26},"end":{"line":160,"column":null}},"41":{"start":{"line":163,"column":4},"end":{"line":178,"column":null}},"42":{"start":{"line":164,"column":27},"end":{"line":164,"column":null}},"43":{"start":{"line":165,"column":28},"end":{"line":165,"column":null}},"44":{"start":{"line":167,"column":6},"end":{"line":177,"column":null}},"45":{"start":{"line":169,"column":29},"end":{"line":169,"column":null}},"46":{"start":{"line":171,"column":8},"end":{"line":174,"column":null}},"47":{"start":{"line":175,"column":8},"end":{"line":175,"column":null}},"48":{"start":{"line":176,"column":8},"end":{"line":176,"column":null}},"49":{"start":{"line":181,"column":4},"end":{"line":192,"column":null}},"50":{"start":{"line":182,"column":20},"end":{"line":182,"column":null}},"51":{"start":{"line":183,"column":6},"end":{"line":191,"column":null}},"52":{"start":{"line":184,"column":20},"end":{"line":184,"column":null}},"53":{"start":{"line":185,"column":8},"end":{"line":188,"column":null}},"54":{"start":{"line":189,"column":8},"end":{"line":189,"column":null}},"55":{"start":{"line":190,"column":8},"end":{"line":190,"column":null}},"56":{"start":{"line":195,"column":4},"end":{"line":206,"column":null}},"57":{"start":{"line":196,"column":20},"end":{"line":196,"column":null}},"58":{"start":{"line":197,"column":6},"end":{"line":205,"column":null}},"59":{"start":{"line":198,"column":24},"end":{"line":198,"column":null}},"60":{"start":{"line":199,"column":8},"end":{"line":202,"column":null}},"61":{"start":{"line":203,"column":8},"end":{"line":203,"column":null}},"62":{"start":{"line":204,"column":8},"end":{"line":204,"column":null}},"63":{"start":{"line":208,"column":4},"end":{"line":208,"column":null}},"64":{"start":{"line":211,"column":2},"end":{"line":211,"column":null}},"65":{"start":{"line":217,"column":19},"end":{"line":278,"column":null}},"66":{"start":{"line":219,"column":2},"end":{"line":219,"column":null}},"67":{"start":{"line":219,"column":35},"end":{"line":219,"column":null}},"68":{"start":{"line":222,"column":2},"end":{"line":222,"column":null}},"69":{"start":{"line":222,"column":69},"end":{"line":222,"column":null}},"70":{"start":{"line":225,"column":2},"end":{"line":231,"column":null}},"71":{"start":{"line":230,"column":4},"end":{"line":230,"column":null}},"72":{"start":{"line":235,"column":2},"end":{"line":237,"column":null}},"73":{"start":{"line":236,"column":4},"end":{"line":236,"column":null}},"74":{"start":{"line":241,"column":23},"end":{"line":253,"column":null}},"75":{"start":{"line":254,"column":2},"end":{"line":256,"column":null}},"76":{"start":{"line":254,"column":35},"end":{"line":254,"column":56}},"77":{"start":{"line":255,"column":4},"end":{"line":255,"column":null}},"78":{"start":{"line":260,"column":20},"end":{"line":260,"column":null}},"79":{"start":{"line":261,"column":2},"end":{"line":271,"column":null}},"80":{"start":{"line":264,"column":4},"end":{"line":270,"column":null}},"81":{"start":{"line":269,"column":6},"end":{"line":269,"column":null}},"82":{"start":{"line":272,"column":2},"end":{"line":272,"column":null}},"83":{"start":{"line":272,"column":52},"end":{"line":272,"column":null}},"84":{"start":{"line":275,"column":2},"end":{"line":275,"column":null}},"85":{"start":{"line":275,"column":53},"end":{"line":275,"column":null}},"86":{"start":{"line":277,"column":2},"end":{"line":277,"column":null}},"87":{"start":{"line":280,"column":52},"end":{"line":3220,"column":null}},"88":{"start":{"line":284,"column":8},"end":{"line":288,"column":null}},"89":{"start":{"line":287,"column":4},"end":{"line":287,"column":null}},"90":{"start":{"line":291,"column":26},"end":{"line":291,"column":null}},"91":{"start":{"line":294,"column":8},"end":{"line":294,"column":null}},"92":{"start":{"line":295,"column":36},"end":{"line":295,"column":null}},"93":{"start":{"line":305,"column":32},"end":{"line":445,"column":null}},"94":{"start":{"line":306,"column":27},"end":{"line":306,"column":null}},"95":{"start":{"line":307,"column":18},"end":{"line":307,"column":null}},"96":{"start":{"line":310,"column":4},"end":{"line":310,"column":null}},"97":{"start":{"line":311,"column":4},"end":{"line":311,"column":null}},"98":{"start":{"line":312,"column":4},"end":{"line":312,"column":null}},"99":{"start":{"line":313,"column":4},"end":{"line":313,"column":null}},"100":{"start":{"line":316,"column":4},"end":{"line":341,"column":null}},"101":{"start":{"line":317,"column":6},"end":{"line":317,"column":null}},"102":{"start":{"line":318,"column":6},"end":{"line":318,"column":null}},"103":{"start":{"line":319,"column":6},"end":{"line":319,"column":null}},"104":{"start":{"line":320,"column":6},"end":{"line":320,"column":null}},"105":{"start":{"line":323,"column":25},"end":{"line":334,"column":null}},"106":{"start":{"line":335,"column":6},"end":{"line":340,"column":null}},"107":{"start":{"line":337,"column":8},"end":{"line":337,"column":null}},"108":{"start":{"line":339,"column":8},"end":{"line":339,"column":null}},"109":{"start":{"line":344,"column":4},"end":{"line":357,"column":null}},"110":{"start":{"line":345,"column":6},"end":{"line":345,"column":null}},"111":{"start":{"line":346,"column":6},"end":{"line":346,"column":null}},"112":{"start":{"line":349,"column":6},"end":{"line":356,"column":null}},"113":{"start":{"line":350,"column":24},"end":{"line":351,"column":null}},"114":{"start":{"line":350,"column":42},"end":{"line":351,"column":null}},"115":{"start":{"line":352,"column":8},"end":{"line":354,"column":null}},"116":{"start":{"line":353,"column":10},"end":{"line":353,"column":null}},"117":{"start":{"line":355,"column":8},"end":{"line":355,"column":null}},"118":{"start":{"line":360,"column":4},"end":{"line":363,"column":null}},"119":{"start":{"line":362,"column":6},"end":{"line":362,"column":null}},"120":{"start":{"line":366,"column":4},"end":{"line":368,"column":null}},"121":{"start":{"line":367,"column":6},"end":{"line":367,"column":null}},"122":{"start":{"line":373,"column":4},"end":{"line":396,"column":null}},"123":{"start":{"line":377,"column":20},"end":{"line":386,"column":null}},"124":{"start":{"line":389,"column":20},"end":{"line":391,"column":null}},"125":{"start":{"line":394,"column":8},"end":{"line":394,"column":null}},"126":{"start":{"line":399,"column":4},"end":{"line":415,"column":null}},"127":{"start":{"line":401,"column":24},"end":{"line":410,"column":null}},"128":{"start":{"line":414,"column":6},"end":{"line":414,"column":null}},"129":{"start":{"line":420,"column":4},"end":{"line":422,"column":null}},"130":{"start":{"line":421,"column":6},"end":{"line":421,"column":null}},"131":{"start":{"line":424,"column":4},"end":{"line":426,"column":null}},"132":{"start":{"line":425,"column":6},"end":{"line":425,"column":null}},"133":{"start":{"line":428,"column":4},"end":{"line":428,"column":null}},"134":{"start":{"line":429,"column":4},"end":{"line":429,"column":null}},"135":{"start":{"line":433,"column":4},"end":{"line":433,"column":null}},"136":{"start":{"line":435,"column":4},"end":{"line":435,"column":null}},"137":{"start":{"line":438,"column":4},"end":{"line":442,"column":null}},"138":{"start":{"line":439,"column":6},"end":{"line":441,"column":null}},"139":{"start":{"line":440,"column":8},"end":{"line":440,"column":null}},"140":{"start":{"line":444,"column":4},"end":{"line":444,"column":null}},"141":{"start":{"line":450,"column":25},"end":{"line":574,"column":null}},"142":{"start":{"line":451,"column":16},"end":{"line":451,"column":null}},"143":{"start":{"line":455,"column":4},"end":{"line":460,"column":null}},"144":{"start":{"line":461,"column":4},"end":{"line":461,"column":null}},"145":{"start":{"line":464,"column":4},"end":{"line":464,"column":null}},"146":{"start":{"line":465,"column":4},"end":{"line":465,"column":null}},"147":{"start":{"line":466,"column":4},"end":{"line":466,"column":null}},"148":{"start":{"line":469,"column":21},"end":{"line":483,"column":null}},"149":{"start":{"line":484,"column":4},"end":{"line":487,"column":null}},"150":{"start":{"line":485,"column":6},"end":{"line":485,"column":null}},"151":{"start":{"line":486,"column":6},"end":{"line":486,"column":null}},"152":{"start":{"line":490,"column":22},"end":{"line":503,"column":null}},"153":{"start":{"line":504,"column":4},"end":{"line":506,"column":null}},"154":{"start":{"line":505,"column":6},"end":{"line":505,"column":null}},"155":{"start":{"line":509,"column":4},"end":{"line":509,"column":null}},"156":{"start":{"line":510,"column":4},"end":{"line":510,"column":null}},"157":{"start":{"line":511,"column":4},"end":{"line":511,"column":null}},"158":{"start":{"line":514,"column":4},"end":{"line":514,"column":null}},"159":{"start":{"line":515,"column":4},"end":{"line":515,"column":null}},"160":{"start":{"line":516,"column":4},"end":{"line":516,"column":null}},"161":{"start":{"line":517,"column":4},"end":{"line":517,"column":null}},"162":{"start":{"line":520,"column":4},"end":{"line":520,"column":null}},"163":{"start":{"line":525,"column":4},"end":{"line":525,"column":null}},"164":{"start":{"line":528,"column":4},"end":{"line":528,"column":null}},"165":{"start":{"line":531,"column":4},"end":{"line":531,"column":null}},"166":{"start":{"line":534,"column":4},"end":{"line":534,"column":null}},"167":{"start":{"line":537,"column":4},"end":{"line":537,"column":null}},"168":{"start":{"line":540,"column":4},"end":{"line":540,"column":null}},"169":{"start":{"line":544,"column":4},"end":{"line":544,"column":null}},"170":{"start":{"line":547,"column":4},"end":{"line":547,"column":null}},"171":{"start":{"line":550,"column":4},"end":{"line":550,"column":null}},"172":{"start":{"line":553,"column":4},"end":{"line":553,"column":null}},"173":{"start":{"line":554,"column":4},"end":{"line":554,"column":null}},"174":{"start":{"line":555,"column":4},"end":{"line":555,"column":null}},"175":{"start":{"line":556,"column":4},"end":{"line":556,"column":null}},"176":{"start":{"line":559,"column":4},"end":{"line":559,"column":null}},"177":{"start":{"line":560,"column":4},"end":{"line":560,"column":null}},"178":{"start":{"line":563,"column":4},"end":{"line":571,"column":null}},"179":{"start":{"line":564,"column":22},"end":{"line":569,"column":null}},"180":{"start":{"line":570,"column":6},"end":{"line":570,"column":null}},"181":{"start":{"line":573,"column":4},"end":{"line":573,"column":null}},"182":{"start":{"line":579,"column":30},"end":{"line":687,"column":null}},"183":{"start":{"line":580,"column":20},"end":{"line":580,"column":null}},"184":{"start":{"line":585,"column":4},"end":{"line":591,"column":null}},"185":{"start":{"line":589,"column":8},"end":{"line":589,"column":null}},"186":{"start":{"line":593,"column":4},"end":{"line":598,"column":null}},"187":{"start":{"line":596,"column":8},"end":{"line":596,"column":null}},"188":{"start":{"line":601,"column":4},"end":{"line":608,"column":null}},"189":{"start":{"line":603,"column":6},"end":{"line":603,"column":null}},"190":{"start":{"line":603,"column":83},"end":{"line":603,"column":null}},"191":{"start":{"line":604,"column":6},"end":{"line":606,"column":null}},"192":{"start":{"line":605,"column":8},"end":{"line":605,"column":null}},"193":{"start":{"line":607,"column":6},"end":{"line":607,"column":null}},"194":{"start":{"line":613,"column":4},"end":{"line":620,"column":null}},"195":{"start":{"line":614,"column":6},"end":{"line":614,"column":null}},"196":{"start":{"line":614,"column":39},"end":{"line":614,"column":null}},"197":{"start":{"line":616,"column":6},"end":{"line":618,"column":null}},"198":{"start":{"line":617,"column":8},"end":{"line":617,"column":null}},"199":{"start":{"line":619,"column":6},"end":{"line":619,"column":null}},"200":{"start":{"line":623,"column":4},"end":{"line":684,"column":null}},"201":{"start":{"line":624,"column":6},"end":{"line":624,"column":null}},"202":{"start":{"line":624,"column":65},"end":{"line":624,"column":null}},"203":{"start":{"line":625,"column":6},"end":{"line":625,"column":null}},"204":{"start":{"line":625,"column":40},"end":{"line":625,"column":null}},"205":{"start":{"line":627,"column":6},"end":{"line":627,"column":null}},"206":{"start":{"line":627,"column":83},"end":{"line":627,"column":null}},"207":{"start":{"line":629,"column":20},"end":{"line":629,"column":null}},"208":{"start":{"line":632,"column":48},"end":{"line":643,"column":null}},"209":{"start":{"line":644,"column":6},"end":{"line":649,"column":null}},"210":{"start":{"line":645,"column":8},"end":{"line":648,"column":null}},"211":{"start":{"line":652,"column":6},"end":{"line":654,"column":null}},"212":{"start":{"line":653,"column":8},"end":{"line":653,"column":null}},"213":{"start":{"line":658,"column":26},"end":{"line":658,"column":null}},"214":{"start":{"line":659,"column":25},"end":{"line":659,"column":null}},"215":{"start":{"line":663,"column":33},"end":{"line":663,"column":null}},"216":{"start":{"line":664,"column":6},"end":{"line":669,"column":null}},"217":{"start":{"line":668,"column":8},"end":{"line":668,"column":null}},"218":{"start":{"line":672,"column":6},"end":{"line":672,"column":null}},"219":{"start":{"line":672,"column":33},"end":{"line":672,"column":null}},"220":{"start":{"line":675,"column":6},"end":{"line":681,"column":null}},"221":{"start":{"line":680,"column":8},"end":{"line":680,"column":null}},"222":{"start":{"line":683,"column":6},"end":{"line":683,"column":null}},"223":{"start":{"line":686,"column":4},"end":{"line":686,"column":null}},"224":{"start":{"line":693,"column":26},"end":{"line":948,"column":null}},"225":{"start":{"line":694,"column":17},"end":{"line":694,"column":null}},"226":{"start":{"line":695,"column":22},"end":{"line":695,"column":null}},"227":{"start":{"line":699,"column":32},"end":{"line":835,"column":null}},"228":{"start":{"line":838,"column":33},"end":{"line":838,"column":null}},"229":{"start":{"line":841,"column":51},"end":{"line":854,"column":null}},"230":{"start":{"line":856,"column":22},"end":{"line":858,"column":null}},"231":{"start":{"line":861,"column":24},"end":{"line":861,"column":null}},"232":{"start":{"line":865,"column":6},"end":{"line":865,"column":null}},"233":{"start":{"line":869,"column":4},"end":{"line":886,"column":null}},"234":{"start":{"line":870,"column":6},"end":{"line":884,"column":null}},"235":{"start":{"line":889,"column":4},"end":{"line":945,"column":null}},"236":{"start":{"line":953,"column":31},"end":{"line":1087,"column":null}},"237":{"start":{"line":956,"column":20},"end":{"line":956,"column":null}},"238":{"start":{"line":958,"column":4},"end":{"line":960,"column":null}},"239":{"start":{"line":959,"column":6},"end":{"line":959,"column":null}},"240":{"start":{"line":962,"column":4},"end":{"line":964,"column":null}},"241":{"start":{"line":963,"column":6},"end":{"line":963,"column":null}},"242":{"start":{"line":966,"column":4},"end":{"line":966,"column":null}},"243":{"start":{"line":967,"column":4},"end":{"line":967,"column":null}},"244":{"start":{"line":974,"column":22},"end":{"line":974,"column":null}},"245":{"start":{"line":975,"column":22},"end":{"line":975,"column":null}},"246":{"start":{"line":976,"column":4},"end":{"line":978,"column":null}},"247":{"start":{"line":981,"column":31},"end":{"line":1031,"column":null}},"248":{"start":{"line":982,"column":29},"end":{"line":982,"column":null}},"249":{"start":{"line":990,"column":31},"end":{"line":990,"column":null}},"250":{"start":{"line":991,"column":31},"end":{"line":991,"column":null}},"251":{"start":{"line":992,"column":6},"end":{"line":997,"column":null}},"252":{"start":{"line":993,"column":32},"end":{"line":993,"column":null}},"253":{"start":{"line":994,"column":8},"end":{"line":994,"column":null}},"254":{"start":{"line":995,"column":8},"end":{"line":995,"column":null}},"255":{"start":{"line":996,"column":8},"end":{"line":996,"column":null}},"256":{"start":{"line":1000,"column":6},"end":{"line":1003,"column":null}},"257":{"start":{"line":1005,"column":6},"end":{"line":1011,"column":null}},"258":{"start":{"line":1007,"column":8},"end":{"line":1009,"column":null}},"259":{"start":{"line":1008,"column":10},"end":{"line":1008,"column":null}},"260":{"start":{"line":1010,"column":8},"end":{"line":1010,"column":null}},"261":{"start":{"line":1013,"column":6},"end":{"line":1016,"column":null}},"262":{"start":{"line":1018,"column":6},"end":{"line":1018,"column":null}},"263":{"start":{"line":1021,"column":6},"end":{"line":1023,"column":null}},"264":{"start":{"line":1022,"column":8},"end":{"line":1022,"column":null}},"265":{"start":{"line":1025,"column":6},"end":{"line":1028,"column":null}},"266":{"start":{"line":1030,"column":6},"end":{"line":1030,"column":null}},"267":{"start":{"line":1034,"column":4},"end":{"line":1038,"column":null}},"268":{"start":{"line":1035,"column":24},"end":{"line":1035,"column":null}},"269":{"start":{"line":1036,"column":28},"end":{"line":1036,"column":null}},"270":{"start":{"line":1037,"column":6},"end":{"line":1037,"column":null}},"271":{"start":{"line":1042,"column":4},"end":{"line":1046,"column":null}},"272":{"start":{"line":1043,"column":20},"end":{"line":1043,"column":null}},"273":{"start":{"line":1044,"column":31},"end":{"line":1044,"column":null}},"274":{"start":{"line":1045,"column":6},"end":{"line":1045,"column":null}},"275":{"start":{"line":1048,"column":4},"end":{"line":1052,"column":null}},"276":{"start":{"line":1049,"column":20},"end":{"line":1049,"column":null}},"277":{"start":{"line":1050,"column":31},"end":{"line":1050,"column":null}},"278":{"start":{"line":1051,"column":6},"end":{"line":1051,"column":null}},"279":{"start":{"line":1057,"column":4},"end":{"line":1061,"column":null}},"280":{"start":{"line":1058,"column":20},"end":{"line":1058,"column":null}},"281":{"start":{"line":1059,"column":31},"end":{"line":1059,"column":null}},"282":{"start":{"line":1060,"column":6},"end":{"line":1060,"column":null}},"283":{"start":{"line":1066,"column":4},"end":{"line":1084,"column":null}},"284":{"start":{"line":1069,"column":21},"end":{"line":1069,"column":null}},"285":{"start":{"line":1071,"column":8},"end":{"line":1080,"column":null}},"286":{"start":{"line":1073,"column":24},"end":{"line":1073,"column":null}},"287":{"start":{"line":1074,"column":10},"end":{"line":1079,"column":null}},"288":{"start":{"line":1075,"column":28},"end":{"line":1075,"column":null}},"289":{"start":{"line":1076,"column":12},"end":{"line":1078,"column":null}},"290":{"start":{"line":1077,"column":14},"end":{"line":1077,"column":null}},"291":{"start":{"line":1082,"column":8},"end":{"line":1082,"column":null}},"292":{"start":{"line":1086,"column":4},"end":{"line":1086,"column":null}},"293":{"start":{"line":1093,"column":29},"end":{"line":1115,"column":null}},"294":{"start":{"line":1094,"column":33},"end":{"line":1094,"column":null}},"295":{"start":{"line":1095,"column":30},"end":{"line":1095,"column":null}},"296":{"start":{"line":1096,"column":30},"end":{"line":1096,"column":null}},"297":{"start":{"line":1098,"column":20},"end":{"line":1098,"column":null}},"298":{"start":{"line":1099,"column":30},"end":{"line":1103,"column":null}},"299":{"start":{"line":1100,"column":24},"end":{"line":1100,"column":null}},"300":{"start":{"line":1101,"column":24},"end":{"line":1101,"column":null}},"301":{"start":{"line":1102,"column":6},"end":{"line":1102,"column":null}},"302":{"start":{"line":1106,"column":4},"end":{"line":1112,"column":null}},"303":{"start":{"line":1107,"column":6},"end":{"line":1111,"column":null}},"304":{"start":{"line":1108,"column":22},"end":{"line":1108,"column":null}},"305":{"start":{"line":1109,"column":8},"end":{"line":1109,"column":null}},"306":{"start":{"line":1110,"column":8},"end":{"line":1110,"column":null}},"307":{"start":{"line":1114,"column":4},"end":{"line":1114,"column":null}},"308":{"start":{"line":1120,"column":29},"end":{"line":1132,"column":null}},"309":{"start":{"line":1121,"column":30},"end":{"line":1121,"column":null}},"310":{"start":{"line":1122,"column":30},"end":{"line":1122,"column":null}},"311":{"start":{"line":1123,"column":29},"end":{"line":1123,"column":null}},"312":{"start":{"line":1125,"column":4},"end":{"line":1131,"column":null}},"313":{"start":{"line":1126,"column":25},"end":{"line":1126,"column":null}},"314":{"start":{"line":1127,"column":6},"end":{"line":1129,"column":null}},"315":{"start":{"line":1128,"column":8},"end":{"line":1128,"column":null}},"316":{"start":{"line":1130,"column":6},"end":{"line":1130,"column":null}},"317":{"start":{"line":1138,"column":28},"end":{"line":1160,"column":null}},"318":{"start":{"line":1139,"column":33},"end":{"line":1139,"column":null}},"319":{"start":{"line":1140,"column":30},"end":{"line":1140,"column":null}},"320":{"start":{"line":1141,"column":30},"end":{"line":1141,"column":null}},"321":{"start":{"line":1143,"column":20},"end":{"line":1143,"column":null}},"322":{"start":{"line":1144,"column":29},"end":{"line":1148,"column":null}},"323":{"start":{"line":1145,"column":24},"end":{"line":1145,"column":null}},"324":{"start":{"line":1146,"column":24},"end":{"line":1146,"column":null}},"325":{"start":{"line":1147,"column":6},"end":{"line":1147,"column":null}},"326":{"start":{"line":1151,"column":4},"end":{"line":1157,"column":null}},"327":{"start":{"line":1152,"column":6},"end":{"line":1156,"column":null}},"328":{"start":{"line":1153,"column":22},"end":{"line":1153,"column":null}},"329":{"start":{"line":1154,"column":8},"end":{"line":1154,"column":null}},"330":{"start":{"line":1155,"column":8},"end":{"line":1155,"column":null}},"331":{"start":{"line":1159,"column":4},"end":{"line":1159,"column":null}},"332":{"start":{"line":1165,"column":28},"end":{"line":1220,"column":null}},"333":{"start":{"line":1170,"column":30},"end":{"line":1170,"column":null}},"334":{"start":{"line":1171,"column":30},"end":{"line":1171,"column":null}},"335":{"start":{"line":1172,"column":29},"end":{"line":1172,"column":null}},"336":{"start":{"line":1175,"column":4},"end":{"line":1210,"column":null}},"337":{"start":{"line":1178,"column":8},"end":{"line":1178,"column":null}},"338":{"start":{"line":1179,"column":19},"end":{"line":1179,"column":null}},"339":{"start":{"line":1180,"column":22},"end":{"line":1180,"column":null}},"340":{"start":{"line":1183,"column":6},"end":{"line":1197,"column":null}},"341":{"start":{"line":1185,"column":27},"end":{"line":1185,"column":null}},"342":{"start":{"line":1186,"column":8},"end":{"line":1192,"column":null}},"343":{"start":{"line":1187,"column":29},"end":{"line":1187,"column":null}},"344":{"start":{"line":1188,"column":10},"end":{"line":1190,"column":null}},"345":{"start":{"line":1189,"column":12},"end":{"line":1189,"column":null}},"346":{"start":{"line":1191,"column":10},"end":{"line":1191,"column":null}},"347":{"start":{"line":1195,"column":8},"end":{"line":1195,"column":null}},"348":{"start":{"line":1196,"column":8},"end":{"line":1196,"column":null}},"349":{"start":{"line":1200,"column":25},"end":{"line":1200,"column":null}},"350":{"start":{"line":1201,"column":6},"end":{"line":1207,"column":null}},"351":{"start":{"line":1202,"column":27},"end":{"line":1202,"column":null}},"352":{"start":{"line":1203,"column":8},"end":{"line":1205,"column":null}},"353":{"start":{"line":1204,"column":10},"end":{"line":1204,"column":null}},"354":{"start":{"line":1206,"column":8},"end":{"line":1206,"column":null}},"355":{"start":{"line":1209,"column":6},"end":{"line":1209,"column":null}},"356":{"start":{"line":1213,"column":4},"end":{"line":1219,"column":null}},"357":{"start":{"line":1214,"column":25},"end":{"line":1214,"column":null}},"358":{"start":{"line":1215,"column":6},"end":{"line":1217,"column":null}},"359":{"start":{"line":1216,"column":8},"end":{"line":1216,"column":null}},"360":{"start":{"line":1218,"column":6},"end":{"line":1218,"column":null}},"361":{"start":{"line":1225,"column":28},"end":{"line":1822,"column":null}},"362":{"start":{"line":1226,"column":19},"end":{"line":1226,"column":null}},"363":{"start":{"line":1231,"column":30},"end":{"line":1235,"column":null}},"364":{"start":{"line":1232,"column":24},"end":{"line":1232,"column":null}},"365":{"start":{"line":1233,"column":24},"end":{"line":1233,"column":null}},"366":{"start":{"line":1234,"column":6},"end":{"line":1234,"column":null}},"367":{"start":{"line":1237,"column":4},"end":{"line":1241,"column":null}},"368":{"start":{"line":1238,"column":6},"end":{"line":1240,"column":null}},"369":{"start":{"line":1239,"column":8},"end":{"line":1239,"column":null}},"370":{"start":{"line":1247,"column":4},"end":{"line":1296,"column":null}},"371":{"start":{"line":1248,"column":29},"end":{"line":1248,"column":null}},"372":{"start":{"line":1252,"column":8},"end":{"line":1254,"column":null}},"373":{"start":{"line":1256,"column":8},"end":{"line":1256,"column":null}},"374":{"start":{"line":1259,"column":28},"end":{"line":1259,"column":null}},"375":{"start":{"line":1262,"column":6},"end":{"line":1283,"column":null}},"376":{"start":{"line":1263,"column":22},"end":{"line":1263,"column":null}},"377":{"start":{"line":1264,"column":33},"end":{"line":1264,"column":null}},"378":{"start":{"line":1266,"column":8},"end":{"line":1278,"column":null}},"379":{"start":{"line":1266,"column":21},"end":{"line":1266,"column":24}},"380":{"start":{"line":1267,"column":23},"end":{"line":1267,"column":null}},"381":{"start":{"line":1269,"column":10},"end":{"line":1277,"column":null}},"382":{"start":{"line":1270,"column":12},"end":{"line":1270,"column":null}},"383":{"start":{"line":1271,"column":10},"end":{"line":1277,"column":null}},"384":{"start":{"line":1273,"column":12},"end":{"line":1273,"column":null}},"385":{"start":{"line":1276,"column":12},"end":{"line":1276,"column":null}},"386":{"start":{"line":1281,"column":28},"end":{"line":1281,"column":null}},"387":{"start":{"line":1282,"column":8},"end":{"line":1282,"column":null}},"388":{"start":{"line":1286,"column":6},"end":{"line":1294,"column":null}},"389":{"start":{"line":1292,"column":28},"end":{"line":1292,"column":null}},"390":{"start":{"line":1293,"column":8},"end":{"line":1293,"column":null}},"391":{"start":{"line":1295,"column":6},"end":{"line":1295,"column":null}},"392":{"start":{"line":1300,"column":4},"end":{"line":1419,"column":null}},"393":{"start":{"line":1305,"column":10},"end":{"line":1307,"column":null}},"394":{"start":{"line":1309,"column":10},"end":{"line":1309,"column":null}},"395":{"start":{"line":1312,"column":30},"end":{"line":1312,"column":null}},"396":{"start":{"line":1315,"column":8},"end":{"line":1336,"column":null}},"397":{"start":{"line":1316,"column":24},"end":{"line":1316,"column":null}},"398":{"start":{"line":1317,"column":35},"end":{"line":1317,"column":null}},"399":{"start":{"line":1319,"column":10},"end":{"line":1331,"column":null}},"400":{"start":{"line":1319,"column":23},"end":{"line":1319,"column":26}},"401":{"start":{"line":1320,"column":25},"end":{"line":1320,"column":null}},"402":{"start":{"line":1322,"column":12},"end":{"line":1330,"column":null}},"403":{"start":{"line":1323,"column":14},"end":{"line":1323,"column":null}},"404":{"start":{"line":1324,"column":12},"end":{"line":1330,"column":null}},"405":{"start":{"line":1326,"column":14},"end":{"line":1326,"column":null}},"406":{"start":{"line":1329,"column":14},"end":{"line":1329,"column":null}},"407":{"start":{"line":1334,"column":30},"end":{"line":1334,"column":null}},"408":{"start":{"line":1335,"column":10},"end":{"line":1335,"column":null}},"409":{"start":{"line":1340,"column":35},"end":{"line":1340,"column":null}},"410":{"start":{"line":1341,"column":8},"end":{"line":1405,"column":null}},"411":{"start":{"line":1342,"column":31},"end":{"line":1342,"column":null}},"412":{"start":{"line":1344,"column":10},"end":{"line":1404,"column":null}},"413":{"start":{"line":1347,"column":36},"end":{"line":1347,"column":null}},"414":{"start":{"line":1348,"column":28},"end":{"line":1348,"column":null}},"415":{"start":{"line":1350,"column":31},"end":{"line":1350,"column":null}},"416":{"start":{"line":1352,"column":12},"end":{"line":1378,"column":null}},"417":{"start":{"line":1354,"column":34},"end":{"line":1354,"column":null}},"418":{"start":{"line":1355,"column":14},"end":{"line":1373,"column":null}},"419":{"start":{"line":1357,"column":38},"end":{"line":1357,"column":null}},"420":{"start":{"line":1358,"column":16},"end":{"line":1369,"column":null}},"421":{"start":{"line":1360,"column":39},"end":{"line":1360,"column":null}},"422":{"start":{"line":1361,"column":40},"end":{"line":1361,"column":null}},"423":{"start":{"line":1362,"column":18},"end":{"line":1366,"column":null}},"424":{"start":{"line":1368,"column":18},"end":{"line":1368,"column":null}},"425":{"start":{"line":1370,"column":14},"end":{"line":1373,"column":null}},"426":{"start":{"line":1372,"column":16},"end":{"line":1372,"column":null}},"427":{"start":{"line":1376,"column":14},"end":{"line":1376,"column":null}},"428":{"start":{"line":1377,"column":14},"end":{"line":1377,"column":null}},"429":{"start":{"line":1381,"column":35},"end":{"line":1381,"column":null}},"430":{"start":{"line":1382,"column":12},"end":{"line":1397,"column":null}},"431":{"start":{"line":1383,"column":35},"end":{"line":1383,"column":null}},"432":{"start":{"line":1384,"column":14},"end":{"line":1394,"column":null}},"433":{"start":{"line":1385,"column":37},"end":{"line":1385,"column":null}},"434":{"start":{"line":1386,"column":38},"end":{"line":1386,"column":null}},"435":{"start":{"line":1387,"column":16},"end":{"line":1391,"column":null}},"436":{"start":{"line":1393,"column":16},"end":{"line":1393,"column":null}},"437":{"start":{"line":1395,"column":12},"end":{"line":1397,"column":null}},"438":{"start":{"line":1396,"column":14},"end":{"line":1396,"column":null}},"439":{"start":{"line":1402,"column":32},"end":{"line":1402,"column":null}},"440":{"start":{"line":1403,"column":12},"end":{"line":1403,"column":null}},"441":{"start":{"line":1408,"column":8},"end":{"line":1416,"column":null}},"442":{"start":{"line":1414,"column":30},"end":{"line":1414,"column":null}},"443":{"start":{"line":1415,"column":10},"end":{"line":1415,"column":null}},"444":{"start":{"line":1417,"column":8},"end":{"line":1417,"column":null}},"445":{"start":{"line":1423,"column":4},"end":{"line":1434,"column":null}},"446":{"start":{"line":1427,"column":10},"end":{"line":1427,"column":null}},"447":{"start":{"line":1429,"column":8},"end":{"line":1431,"column":null}},"448":{"start":{"line":1430,"column":10},"end":{"line":1430,"column":null}},"449":{"start":{"line":1432,"column":8},"end":{"line":1432,"column":null}},"450":{"start":{"line":1438,"column":29},"end":{"line":1442,"column":null}},"451":{"start":{"line":1439,"column":24},"end":{"line":1439,"column":null}},"452":{"start":{"line":1440,"column":24},"end":{"line":1440,"column":null}},"453":{"start":{"line":1441,"column":6},"end":{"line":1441,"column":null}},"454":{"start":{"line":1444,"column":4},"end":{"line":1448,"column":null}},"455":{"start":{"line":1445,"column":6},"end":{"line":1447,"column":null}},"456":{"start":{"line":1446,"column":8},"end":{"line":1446,"column":null}},"457":{"start":{"line":1452,"column":22},"end":{"line":1452,"column":null}},"458":{"start":{"line":1454,"column":89},"end":{"line":1454,"column":null}},"459":{"start":{"line":1456,"column":4},"end":{"line":1474,"column":null}},"460":{"start":{"line":1457,"column":20},"end":{"line":1457,"column":null}},"461":{"start":{"line":1458,"column":18},"end":{"line":1458,"column":null}},"462":{"start":{"line":1459,"column":22},"end":{"line":1459,"column":null}},"463":{"start":{"line":1462,"column":26},"end":{"line":1462,"column":null}},"464":{"start":{"line":1463,"column":29},"end":{"line":1463,"column":null}},"465":{"start":{"line":1464,"column":27},"end":{"line":1464,"column":null}},"466":{"start":{"line":1467,"column":6},"end":{"line":1473,"column":null}},"467":{"start":{"line":1468,"column":8},"end":{"line":1472,"column":null}},"468":{"start":{"line":1477,"column":4},"end":{"line":1479,"column":null}},"469":{"start":{"line":1478,"column":6},"end":{"line":1478,"column":null}},"470":{"start":{"line":1482,"column":4},"end":{"line":1488,"column":null}},"471":{"start":{"line":1484,"column":6},"end":{"line":1486,"column":null}},"472":{"start":{"line":1485,"column":8},"end":{"line":1485,"column":null}},"473":{"start":{"line":1487,"column":6},"end":{"line":1487,"column":null}},"474":{"start":{"line":1492,"column":25},"end":{"line":1546,"column":null}},"475":{"start":{"line":1493,"column":19},"end":{"line":1493,"column":null}},"476":{"start":{"line":1494,"column":14},"end":{"line":1494,"column":null}},"477":{"start":{"line":1496,"column":6},"end":{"line":1543,"column":null}},"478":{"start":{"line":1498,"column":8},"end":{"line":1542,"column":null}},"479":{"start":{"line":1500,"column":30},"end":{"line":1500,"column":null}},"480":{"start":{"line":1501,"column":33},"end":{"line":1501,"column":null}},"481":{"start":{"line":1502,"column":31},"end":{"line":1502,"column":null}},"482":{"start":{"line":1505,"column":10},"end":{"line":1509,"column":null}},"483":{"start":{"line":1506,"column":12},"end":{"line":1506,"column":null}},"484":{"start":{"line":1507,"column":12},"end":{"line":1507,"column":null}},"485":{"start":{"line":1508,"column":12},"end":{"line":1508,"column":null}},"486":{"start":{"line":1512,"column":27},"end":{"line":1512,"column":null}},"487":{"start":{"line":1513,"column":31},"end":{"line":1513,"column":null}},"488":{"start":{"line":1514,"column":27},"end":{"line":1514,"column":null}},"489":{"start":{"line":1516,"column":10},"end":{"line":1523,"column":null}},"490":{"start":{"line":1517,"column":12},"end":{"line":1521,"column":null}},"491":{"start":{"line":1518,"column":14},"end":{"line":1518,"column":null}},"492":{"start":{"line":1519,"column":12},"end":{"line":1521,"column":null}},"493":{"start":{"line":1520,"column":14},"end":{"line":1520,"column":null}},"494":{"start":{"line":1522,"column":12},"end":{"line":1522,"column":null}},"495":{"start":{"line":1525,"column":10},"end":{"line":1538,"column":null}},"496":{"start":{"line":1527,"column":28},"end":{"line":1527,"column":null}},"497":{"start":{"line":1528,"column":33},"end":{"line":1531,"column":null}},"498":{"start":{"line":1532,"column":12},"end":{"line":1532,"column":null}},"499":{"start":{"line":1533,"column":12},"end":{"line":1533,"column":null}},"500":{"start":{"line":1536,"column":12},"end":{"line":1536,"column":null}},"501":{"start":{"line":1537,"column":12},"end":{"line":1537,"column":null}},"502":{"start":{"line":1540,"column":10},"end":{"line":1540,"column":null}},"503":{"start":{"line":1541,"column":10},"end":{"line":1541,"column":null}},"504":{"start":{"line":1545,"column":6},"end":{"line":1545,"column":null}},"505":{"start":{"line":1548,"column":4},"end":{"line":1548,"column":null}},"506":{"start":{"line":1551,"column":20},"end":{"line":1620,"column":null}},"507":{"start":{"line":1623,"column":4},"end":{"line":1660,"column":null}},"508":{"start":{"line":1625,"column":26},"end":{"line":1625,"column":null}},"509":{"start":{"line":1627,"column":93},"end":{"line":1627,"column":null}},"510":{"start":{"line":1629,"column":6},"end":{"line":1654,"column":null}},"511":{"start":{"line":1630,"column":22},"end":{"line":1630,"column":null}},"512":{"start":{"line":1631,"column":20},"end":{"line":1631,"column":null}},"513":{"start":{"line":1634,"column":28},"end":{"line":1634,"column":null}},"514":{"start":{"line":1635,"column":31},"end":{"line":1635,"column":null}},"515":{"start":{"line":1636,"column":29},"end":{"line":1636,"column":null}},"516":{"start":{"line":1640,"column":14},"end":{"line":1640,"column":null}},"517":{"start":{"line":1642,"column":8},"end":{"line":1644,"column":null}},"518":{"start":{"line":1643,"column":10},"end":{"line":1643,"column":null}},"519":{"start":{"line":1647,"column":8},"end":{"line":1653,"column":null}},"520":{"start":{"line":1648,"column":10},"end":{"line":1652,"column":null}},"521":{"start":{"line":1657,"column":6},"end":{"line":1659,"column":null}},"522":{"start":{"line":1658,"column":8},"end":{"line":1658,"column":null}},"523":{"start":{"line":1664,"column":42},"end":{"line":1743,"column":null}},"524":{"start":{"line":1665,"column":19},"end":{"line":1665,"column":null}},"525":{"start":{"line":1666,"column":30},"end":{"line":1666,"column":null}},"526":{"start":{"line":1668,"column":87},"end":{"line":1668,"column":null}},"527":{"start":{"line":1671,"column":6},"end":{"line":1735,"column":null}},"528":{"start":{"line":1672,"column":33},"end":{"line":1672,"column":null}},"529":{"start":{"line":1673,"column":31},"end":{"line":1673,"column":null}},"530":{"start":{"line":1674,"column":25},"end":{"line":1674,"column":null}},"531":{"start":{"line":1677,"column":33},"end":{"line":1677,"column":null}},"532":{"start":{"line":1680,"column":8},"end":{"line":1734,"column":null}},"533":{"start":{"line":1681,"column":22},"end":{"line":1681,"column":null}},"534":{"start":{"line":1682,"column":18},"end":{"line":1682,"column":null}},"535":{"start":{"line":1683,"column":10},"end":{"line":1701,"column":null}},"536":{"start":{"line":1684,"column":12},"end":{"line":1684,"column":null}},"537":{"start":{"line":1684,"column":45},"end":{"line":1684,"column":null}},"538":{"start":{"line":1685,"column":12},"end":{"line":1700,"column":null}},"539":{"start":{"line":1686,"column":14},"end":{"line":1686,"column":null}},"540":{"start":{"line":1687,"column":14},"end":{"line":1699,"column":null}},"541":{"start":{"line":1688,"column":35},"end":{"line":1688,"column":null}},"542":{"start":{"line":1689,"column":16},"end":{"line":1697,"column":null}},"543":{"start":{"line":1698,"column":16},"end":{"line":1698,"column":null}},"544":{"start":{"line":1702,"column":8},"end":{"line":1734,"column":null}},"545":{"start":{"line":1705,"column":22},"end":{"line":1705,"column":null}},"546":{"start":{"line":1706,"column":18},"end":{"line":1706,"column":null}},"547":{"start":{"line":1707,"column":10},"end":{"line":1725,"column":null}},"548":{"start":{"line":1708,"column":12},"end":{"line":1708,"column":null}},"549":{"start":{"line":1708,"column":45},"end":{"line":1708,"column":null}},"550":{"start":{"line":1709,"column":12},"end":{"line":1724,"column":null}},"551":{"start":{"line":1710,"column":14},"end":{"line":1710,"column":null}},"552":{"start":{"line":1711,"column":14},"end":{"line":1723,"column":null}},"553":{"start":{"line":1712,"column":35},"end":{"line":1712,"column":null}},"554":{"start":{"line":1713,"column":16},"end":{"line":1721,"column":null}},"555":{"start":{"line":1722,"column":16},"end":{"line":1722,"column":null}},"556":{"start":{"line":1729,"column":10},"end":{"line":1733,"column":null}},"557":{"start":{"line":1738,"column":6},"end":{"line":1740,"column":null}},"558":{"start":{"line":1739,"column":8},"end":{"line":1739,"column":null}},"559":{"start":{"line":1742,"column":6},"end":{"line":1742,"column":null}},"560":{"start":{"line":1745,"column":4},"end":{"line":1745,"column":null}},"561":{"start":{"line":1748,"column":4},"end":{"line":1750,"column":null}},"562":{"start":{"line":1749,"column":6},"end":{"line":1749,"column":null}},"563":{"start":{"line":1754,"column":29},"end":{"line":1754,"column":null}},"564":{"start":{"line":1756,"column":96},"end":{"line":1756,"column":null}},"565":{"start":{"line":1758,"column":4},"end":{"line":1805,"column":null}},"566":{"start":{"line":1759,"column":20},"end":{"line":1759,"column":null}},"567":{"start":{"line":1760,"column":18},"end":{"line":1760,"column":null}},"568":{"start":{"line":1761,"column":19},"end":{"line":1761,"column":null}},"569":{"start":{"line":1762,"column":18},"end":{"line":1762,"column":null}},"570":{"start":{"line":1765,"column":26},"end":{"line":1765,"column":null}},"571":{"start":{"line":1766,"column":29},"end":{"line":1766,"column":null}},"572":{"start":{"line":1767,"column":27},"end":{"line":1767,"column":null}},"573":{"start":{"line":1770,"column":6},"end":{"line":1772,"column":null}},"574":{"start":{"line":1771,"column":8},"end":{"line":1771,"column":null}},"575":{"start":{"line":1776,"column":12},"end":{"line":1776,"column":null}},"576":{"start":{"line":1778,"column":6},"end":{"line":1780,"column":null}},"577":{"start":{"line":1779,"column":8},"end":{"line":1779,"column":null}},"578":{"start":{"line":1783,"column":25},"end":{"line":1783,"column":null}},"579":{"start":{"line":1784,"column":6},"end":{"line":1786,"column":null}},"580":{"start":{"line":1785,"column":8},"end":{"line":1785,"column":null}},"581":{"start":{"line":1788,"column":48},"end":{"line":1799,"column":null}},"582":{"start":{"line":1800,"column":6},"end":{"line":1804,"column":null}},"583":{"start":{"line":1808,"column":4},"end":{"line":1810,"column":null}},"584":{"start":{"line":1809,"column":6},"end":{"line":1809,"column":null}},"585":{"start":{"line":1813,"column":4},"end":{"line":1815,"column":null}},"586":{"start":{"line":1814,"column":6},"end":{"line":1814,"column":null}},"587":{"start":{"line":1817,"column":4},"end":{"line":1819,"column":null}},"588":{"start":{"line":1818,"column":6},"end":{"line":1818,"column":null}},"589":{"start":{"line":1821,"column":4},"end":{"line":1821,"column":null}},"590":{"start":{"line":1829,"column":37},"end":{"line":1867,"column":null}},"591":{"start":{"line":1830,"column":20},"end":{"line":1830,"column":null}},"592":{"start":{"line":1850,"column":25},"end":{"line":1850,"column":null}},"593":{"start":{"line":1851,"column":21},"end":{"line":1851,"column":null}},"594":{"start":{"line":1852,"column":26},"end":{"line":1852,"column":null}},"595":{"start":{"line":1854,"column":4},"end":{"line":1864,"column":null}},"596":{"start":{"line":1855,"column":6},"end":{"line":1855,"column":null}},"597":{"start":{"line":1856,"column":6},"end":{"line":1856,"column":null}},"598":{"start":{"line":1860,"column":6},"end":{"line":1863,"column":null}},"599":{"start":{"line":1866,"column":4},"end":{"line":1866,"column":null}},"600":{"start":{"line":1874,"column":33},"end":{"line":1915,"column":null}},"601":{"start":{"line":1875,"column":20},"end":{"line":1875,"column":null}},"602":{"start":{"line":1887,"column":4},"end":{"line":1912,"column":null}},"603":{"start":{"line":1893,"column":33},"end":{"line":1893,"column":null}},"604":{"start":{"line":1894,"column":33},"end":{"line":1894,"column":null}},"605":{"start":{"line":1897,"column":8},"end":{"line":1899,"column":null}},"606":{"start":{"line":1898,"column":10},"end":{"line":1898,"column":null}},"607":{"start":{"line":1902,"column":29},"end":{"line":1902,"column":null}},"608":{"start":{"line":1905,"column":8},"end":{"line":1907,"column":null}},"609":{"start":{"line":1906,"column":10},"end":{"line":1906,"column":null}},"610":{"start":{"line":1910,"column":8},"end":{"line":1910,"column":null}},"611":{"start":{"line":1914,"column":4},"end":{"line":1914,"column":null}},"612":{"start":{"line":1921,"column":26},"end":{"line":2445,"column":null}},"613":{"start":{"line":1922,"column":26},"end":{"line":1922,"column":null}},"614":{"start":{"line":1923,"column":20},"end":{"line":1923,"column":null}},"615":{"start":{"line":1929,"column":4},"end":{"line":1929,"column":null}},"616":{"start":{"line":1933,"column":4},"end":{"line":1933,"column":null}},"617":{"start":{"line":1937,"column":4},"end":{"line":1939,"column":null}},"618":{"start":{"line":1938,"column":6},"end":{"line":1938,"column":null}},"619":{"start":{"line":1940,"column":4},"end":{"line":1942,"column":null}},"620":{"start":{"line":1941,"column":6},"end":{"line":1941,"column":null}},"621":{"start":{"line":1943,"column":4},"end":{"line":1943,"column":null}},"622":{"start":{"line":1944,"column":4},"end":{"line":1944,"column":null}},"623":{"start":{"line":1945,"column":4},"end":{"line":1945,"column":null}},"624":{"start":{"line":1951,"column":27},"end":{"line":1951,"column":null}},"625":{"start":{"line":1952,"column":29},"end":{"line":1952,"column":null}},"626":{"start":{"line":1957,"column":4},"end":{"line":1965,"column":null}},"627":{"start":{"line":1960,"column":28},"end":{"line":1960,"column":null}},"628":{"start":{"line":1961,"column":8},"end":{"line":1961,"column":null}},"629":{"start":{"line":1962,"column":8},"end":{"line":1962,"column":null}},"630":{"start":{"line":1963,"column":8},"end":{"line":1963,"column":null}},"631":{"start":{"line":1969,"column":4},"end":{"line":1974,"column":null}},"632":{"start":{"line":1970,"column":26},"end":{"line":1970,"column":null}},"633":{"start":{"line":1971,"column":6},"end":{"line":1971,"column":null}},"634":{"start":{"line":1972,"column":6},"end":{"line":1972,"column":null}},"635":{"start":{"line":1973,"column":6},"end":{"line":1973,"column":null}},"636":{"start":{"line":1977,"column":4},"end":{"line":1982,"column":null}},"637":{"start":{"line":1978,"column":26},"end":{"line":1978,"column":null}},"638":{"start":{"line":1979,"column":6},"end":{"line":1979,"column":null}},"639":{"start":{"line":1980,"column":6},"end":{"line":1980,"column":null}},"640":{"start":{"line":1981,"column":6},"end":{"line":1981,"column":null}},"641":{"start":{"line":1985,"column":4},"end":{"line":1990,"column":null}},"642":{"start":{"line":1986,"column":26},"end":{"line":1986,"column":null}},"643":{"start":{"line":1987,"column":6},"end":{"line":1987,"column":null}},"644":{"start":{"line":1988,"column":6},"end":{"line":1988,"column":null}},"645":{"start":{"line":1989,"column":6},"end":{"line":1989,"column":null}},"646":{"start":{"line":1993,"column":4},"end":{"line":2038,"column":null}},"647":{"start":{"line":1994,"column":6},"end":{"line":1996,"column":null}},"648":{"start":{"line":1995,"column":8},"end":{"line":1995,"column":null}},"649":{"start":{"line":1999,"column":6},"end":{"line":2037,"column":null}},"650":{"start":{"line":2000,"column":21},"end":{"line":2000,"column":null}},"651":{"start":{"line":2000,"column":65},"end":{"line":2000,"column":75}},"652":{"start":{"line":2001,"column":24},"end":{"line":2001,"column":null}},"653":{"start":{"line":2002,"column":23},"end":{"line":2002,"column":null}},"654":{"start":{"line":2004,"column":8},"end":{"line":2033,"column":null}},"655":{"start":{"line":2005,"column":27},"end":{"line":2005,"column":null}},"656":{"start":{"line":2007,"column":10},"end":{"line":2010,"column":null}},"657":{"start":{"line":2008,"column":12},"end":{"line":2008,"column":null}},"658":{"start":{"line":2009,"column":12},"end":{"line":2009,"column":null}},"659":{"start":{"line":2012,"column":24},"end":{"line":2015,"column":null}},"660":{"start":{"line":2014,"column":25},"end":{"line":2014,"column":36}},"661":{"start":{"line":2015,"column":28},"end":{"line":2015,"column":32}},"662":{"start":{"line":2016,"column":10},"end":{"line":2032,"column":null}},"663":{"start":{"line":2017,"column":24},"end":{"line":2017,"column":null}},"664":{"start":{"line":2019,"column":35},"end":{"line":2027,"column":null}},"665":{"start":{"line":2020,"column":30},"end":{"line":2020,"column":null}},"666":{"start":{"line":2022,"column":14},"end":{"line":2022,"column":null}},"667":{"start":{"line":2023,"column":14},"end":{"line":2023,"column":null}},"668":{"start":{"line":2025,"column":14},"end":{"line":2025,"column":null}},"669":{"start":{"line":2026,"column":14},"end":{"line":2026,"column":null}},"670":{"start":{"line":2029,"column":14},"end":{"line":2029,"column":null}},"671":{"start":{"line":2029,"column":50},"end":{"line":2029,"column":76}},"672":{"start":{"line":2030,"column":12},"end":{"line":2030,"column":null}},"673":{"start":{"line":2031,"column":12},"end":{"line":2031,"column":null}},"674":{"start":{"line":2031,"column":29},"end":{"line":2031,"column":null}},"675":{"start":{"line":2035,"column":8},"end":{"line":2035,"column":null}},"676":{"start":{"line":2036,"column":8},"end":{"line":2036,"column":null}},"677":{"start":{"line":2043,"column":4},"end":{"line":2057,"column":null}},"678":{"start":{"line":2046,"column":6},"end":{"line":2046,"column":null}},"679":{"start":{"line":2049,"column":6},"end":{"line":2049,"column":null}},"680":{"start":{"line":2053,"column":6},"end":{"line":2053,"column":null}},"681":{"start":{"line":2056,"column":6},"end":{"line":2056,"column":null}},"682":{"start":{"line":2064,"column":4},"end":{"line":2269,"column":null}},"683":{"start":{"line":2066,"column":29},"end":{"line":2066,"column":null}},"684":{"start":{"line":2069,"column":6},"end":{"line":2071,"column":null}},"685":{"start":{"line":2070,"column":8},"end":{"line":2070,"column":null}},"686":{"start":{"line":2076,"column":8},"end":{"line":2079,"column":null}},"687":{"start":{"line":2082,"column":29},"end":{"line":2082,"column":null}},"688":{"start":{"line":2086,"column":31},"end":{"line":2086,"column":null}},"689":{"start":{"line":2087,"column":28},"end":{"line":2087,"column":null}},"690":{"start":{"line":2093,"column":8},"end":{"line":2098,"column":null}},"691":{"start":{"line":2103,"column":8},"end":{"line":2108,"column":null}},"692":{"start":{"line":2113,"column":8},"end":{"line":2113,"column":null}},"693":{"start":{"line":2116,"column":30},"end":{"line":2116,"column":null}},"694":{"start":{"line":2120,"column":8},"end":{"line":2120,"column":null}},"695":{"start":{"line":2125,"column":8},"end":{"line":2129,"column":null}},"696":{"start":{"line":2132,"column":29},"end":{"line":2132,"column":null}},"697":{"start":{"line":2133,"column":29},"end":{"line":2133,"column":null}},"698":{"start":{"line":2134,"column":28},"end":{"line":2134,"column":null}},"699":{"start":{"line":2139,"column":8},"end":{"line":2145,"column":null}},"700":{"start":{"line":2158,"column":30},"end":{"line":2158,"column":null}},"701":{"start":{"line":2159,"column":45},"end":{"line":2159,"column":null}},"702":{"start":{"line":2162,"column":29},"end":{"line":2162,"column":null}},"703":{"start":{"line":2166,"column":33},"end":{"line":2166,"column":null}},"704":{"start":{"line":2168,"column":8},"end":{"line":2170,"column":null}},"705":{"start":{"line":2173,"column":8},"end":{"line":2182,"column":null}},"706":{"start":{"line":2184,"column":6},"end":{"line":2265,"column":null}},"707":{"start":{"line":2187,"column":26},"end":{"line":2187,"column":null}},"708":{"start":{"line":2191,"column":33},"end":{"line":2191,"column":null}},"709":{"start":{"line":2197,"column":8},"end":{"line":2197,"column":null}},"710":{"start":{"line":2198,"column":8},"end":{"line":2198,"column":null}},"711":{"start":{"line":2199,"column":8},"end":{"line":2199,"column":null}},"712":{"start":{"line":2200,"column":8},"end":{"line":2200,"column":null}},"713":{"start":{"line":2201,"column":8},"end":{"line":2201,"column":null}},"714":{"start":{"line":2202,"column":8},"end":{"line":2202,"column":null}},"715":{"start":{"line":2203,"column":8},"end":{"line":2203,"column":null}},"716":{"start":{"line":2204,"column":8},"end":{"line":2204,"column":null}},"717":{"start":{"line":2205,"column":8},"end":{"line":2205,"column":null}},"718":{"start":{"line":2206,"column":8},"end":{"line":2206,"column":null}},"719":{"start":{"line":2208,"column":8},"end":{"line":2208,"column":null}},"720":{"start":{"line":2209,"column":8},"end":{"line":2209,"column":null}},"721":{"start":{"line":2210,"column":8},"end":{"line":2210,"column":null}},"722":{"start":{"line":2211,"column":8},"end":{"line":2211,"column":null}},"723":{"start":{"line":2212,"column":8},"end":{"line":2212,"column":null}},"724":{"start":{"line":2213,"column":8},"end":{"line":2213,"column":null}},"725":{"start":{"line":2214,"column":8},"end":{"line":2214,"column":null}},"726":{"start":{"line":2215,"column":8},"end":{"line":2215,"column":null}},"727":{"start":{"line":2216,"column":8},"end":{"line":2216,"column":null}},"728":{"start":{"line":2217,"column":8},"end":{"line":2217,"column":null}},"729":{"start":{"line":2221,"column":8},"end":{"line":2221,"column":null}},"730":{"start":{"line":2225,"column":8},"end":{"line":2252,"column":null}},"731":{"start":{"line":2228,"column":10},"end":{"line":2228,"column":null}},"732":{"start":{"line":2229,"column":10},"end":{"line":2229,"column":null}},"733":{"start":{"line":2230,"column":10},"end":{"line":2230,"column":null}},"734":{"start":{"line":2231,"column":10},"end":{"line":2231,"column":null}},"735":{"start":{"line":2232,"column":10},"end":{"line":2232,"column":null}},"736":{"start":{"line":2233,"column":10},"end":{"line":2233,"column":null}},"737":{"start":{"line":2234,"column":10},"end":{"line":2234,"column":null}},"738":{"start":{"line":2235,"column":10},"end":{"line":2235,"column":null}},"739":{"start":{"line":2236,"column":10},"end":{"line":2236,"column":null}},"740":{"start":{"line":2237,"column":10},"end":{"line":2237,"column":null}},"741":{"start":{"line":2242,"column":10},"end":{"line":2242,"column":null}},"742":{"start":{"line":2243,"column":10},"end":{"line":2243,"column":null}},"743":{"start":{"line":2244,"column":10},"end":{"line":2244,"column":null}},"744":{"start":{"line":2245,"column":10},"end":{"line":2245,"column":null}},"745":{"start":{"line":2246,"column":10},"end":{"line":2246,"column":null}},"746":{"start":{"line":2247,"column":10},"end":{"line":2247,"column":null}},"747":{"start":{"line":2248,"column":10},"end":{"line":2248,"column":null}},"748":{"start":{"line":2249,"column":10},"end":{"line":2249,"column":null}},"749":{"start":{"line":2250,"column":10},"end":{"line":2250,"column":null}},"750":{"start":{"line":2251,"column":10},"end":{"line":2251,"column":null}},"751":{"start":{"line":2254,"column":8},"end":{"line":2264,"column":null}},"752":{"start":{"line":2255,"column":10},"end":{"line":2261,"column":null}},"753":{"start":{"line":2256,"column":29},"end":{"line":2256,"column":null}},"754":{"start":{"line":2257,"column":12},"end":{"line":2257,"column":null}},"755":{"start":{"line":2260,"column":12},"end":{"line":2260,"column":null}},"756":{"start":{"line":2263,"column":10},"end":{"line":2263,"column":null}},"757":{"start":{"line":2268,"column":6},"end":{"line":2268,"column":null}},"758":{"start":{"line":2275,"column":4},"end":{"line":2281,"column":null}},"759":{"start":{"line":2278,"column":6},"end":{"line":2278,"column":null}},"760":{"start":{"line":2279,"column":6},"end":{"line":2279,"column":null}},"761":{"start":{"line":2280,"column":6},"end":{"line":2280,"column":null}},"762":{"start":{"line":2285,"column":4},"end":{"line":2326,"column":null}},"763":{"start":{"line":2291,"column":6},"end":{"line":2291,"column":null}},"764":{"start":{"line":2294,"column":6},"end":{"line":2294,"column":null}},"765":{"start":{"line":2297,"column":6},"end":{"line":2297,"column":null}},"766":{"start":{"line":2299,"column":6},"end":{"line":2299,"column":null}},"767":{"start":{"line":2301,"column":6},"end":{"line":2301,"column":null}},"768":{"start":{"line":2309,"column":6},"end":{"line":2309,"column":null}},"769":{"start":{"line":2310,"column":6},"end":{"line":2310,"column":null}},"770":{"start":{"line":2311,"column":6},"end":{"line":2311,"column":null}},"771":{"start":{"line":2312,"column":6},"end":{"line":2312,"column":null}},"772":{"start":{"line":2313,"column":6},"end":{"line":2313,"column":null}},"773":{"start":{"line":2314,"column":6},"end":{"line":2314,"column":null}},"774":{"start":{"line":2320,"column":6},"end":{"line":2320,"column":null}},"775":{"start":{"line":2321,"column":6},"end":{"line":2321,"column":null}},"776":{"start":{"line":2322,"column":6},"end":{"line":2322,"column":null}},"777":{"start":{"line":2323,"column":6},"end":{"line":2323,"column":null}},"778":{"start":{"line":2324,"column":6},"end":{"line":2324,"column":null}},"779":{"start":{"line":2325,"column":6},"end":{"line":2325,"column":null}},"780":{"start":{"line":2329,"column":4},"end":{"line":2329,"column":null}},"781":{"start":{"line":2332,"column":52},"end":{"line":2332,"column":null}},"782":{"start":{"line":2333,"column":4},"end":{"line":2336,"column":null}},"783":{"start":{"line":2334,"column":6},"end":{"line":2334,"column":null}},"784":{"start":{"line":2335,"column":6},"end":{"line":2335,"column":null}},"785":{"start":{"line":2339,"column":4},"end":{"line":2371,"column":null}},"786":{"start":{"line":2340,"column":6},"end":{"line":2346,"column":null}},"787":{"start":{"line":2343,"column":28},"end":{"line":2343,"column":null}},"788":{"start":{"line":2344,"column":10},"end":{"line":2344,"column":null}},"789":{"start":{"line":2349,"column":6},"end":{"line":2356,"column":null}},"790":{"start":{"line":2350,"column":26},"end":{"line":2350,"column":null}},"791":{"start":{"line":2351,"column":20},"end":{"line":2351,"column":null}},"792":{"start":{"line":2352,"column":8},"end":{"line":2354,"column":null}},"793":{"start":{"line":2353,"column":10},"end":{"line":2353,"column":null}},"794":{"start":{"line":2355,"column":8},"end":{"line":2355,"column":null}},"795":{"start":{"line":2359,"column":6},"end":{"line":2370,"column":null}},"796":{"start":{"line":2361,"column":8},"end":{"line":2369,"column":null}},"797":{"start":{"line":2362,"column":10},"end":{"line":2367,"column":null}},"798":{"start":{"line":2364,"column":12},"end":{"line":2366,"column":null}},"799":{"start":{"line":2365,"column":14},"end":{"line":2365,"column":null}},"800":{"start":{"line":2368,"column":10},"end":{"line":2368,"column":null}},"801":{"start":{"line":2374,"column":4},"end":{"line":2397,"column":null}},"802":{"start":{"line":2377,"column":26},"end":{"line":2377,"column":null}},"803":{"start":{"line":2382,"column":10},"end":{"line":2382,"column":null}},"804":{"start":{"line":2383,"column":28},"end":{"line":2383,"column":null}},"805":{"start":{"line":2384,"column":29},"end":{"line":2384,"column":null}},"806":{"start":{"line":2386,"column":10},"end":{"line":2386,"column":null}},"807":{"start":{"line":2389,"column":27},"end":{"line":2389,"column":null}},"808":{"start":{"line":2390,"column":8},"end":{"line":2393,"column":null}},"809":{"start":{"line":2392,"column":10},"end":{"line":2392,"column":null}},"810":{"start":{"line":2395,"column":8},"end":{"line":2395,"column":null}},"811":{"start":{"line":2402,"column":31},"end":{"line":2409,"column":null}},"812":{"start":{"line":2404,"column":23},"end":{"line":2407,"column":null}},"813":{"start":{"line":2405,"column":22},"end":{"line":2405,"column":null}},"814":{"start":{"line":2406,"column":8},"end":{"line":2406,"column":null}},"815":{"start":{"line":2408,"column":6},"end":{"line":2408,"column":null}},"816":{"start":{"line":2411,"column":4},"end":{"line":2415,"column":null}},"817":{"start":{"line":2413,"column":33},"end":{"line":2413,"column":null}},"818":{"start":{"line":2414,"column":6},"end":{"line":2414,"column":null}},"819":{"start":{"line":2419,"column":34},"end":{"line":2419,"column":null}},"820":{"start":{"line":2420,"column":4},"end":{"line":2423,"column":null}},"821":{"start":{"line":2422,"column":6},"end":{"line":2422,"column":null}},"822":{"start":{"line":2429,"column":4},"end":{"line":2431,"column":null}},"823":{"start":{"line":2430,"column":6},"end":{"line":2430,"column":null}},"824":{"start":{"line":2432,"column":4},"end":{"line":2434,"column":null}},"825":{"start":{"line":2433,"column":6},"end":{"line":2433,"column":null}},"826":{"start":{"line":2436,"column":4},"end":{"line":2439,"column":null}},"827":{"start":{"line":2437,"column":6},"end":{"line":2437,"column":null}},"828":{"start":{"line":2438,"column":6},"end":{"line":2438,"column":null}},"829":{"start":{"line":2440,"column":4},"end":{"line":2440,"column":null}},"830":{"start":{"line":2441,"column":4},"end":{"line":2441,"column":null}},"831":{"start":{"line":2442,"column":4},"end":{"line":2442,"column":null}},"832":{"start":{"line":2444,"column":4},"end":{"line":2444,"column":null}},"833":{"start":{"line":2450,"column":29},"end":{"line":2566,"column":null}},"834":{"start":{"line":2451,"column":4},"end":{"line":2455,"column":null}},"835":{"start":{"line":2454,"column":6},"end":{"line":2454,"column":null}},"836":{"start":{"line":2456,"column":20},"end":{"line":2456,"column":null}},"837":{"start":{"line":2459,"column":4},"end":{"line":2468,"column":null}},"838":{"start":{"line":2460,"column":20},"end":{"line":2466,"column":null}},"839":{"start":{"line":2463,"column":30},"end":{"line":2463,"column":null}},"840":{"start":{"line":2464,"column":10},"end":{"line":2464,"column":null}},"841":{"start":{"line":2467,"column":6},"end":{"line":2467,"column":null}},"842":{"start":{"line":2471,"column":4},"end":{"line":2529,"column":null}},"843":{"start":{"line":2472,"column":58},"end":{"line":2472,"column":null}},"844":{"start":{"line":2473,"column":20},"end":{"line":2473,"column":null}},"845":{"start":{"line":2476,"column":6},"end":{"line":2478,"column":null}},"846":{"start":{"line":2477,"column":8},"end":{"line":2477,"column":null}},"847":{"start":{"line":2480,"column":6},"end":{"line":2480,"column":null}},"848":{"start":{"line":2480,"column":30},"end":{"line":2480,"column":null}},"849":{"start":{"line":2483,"column":23},"end":{"line":2483,"column":null}},"850":{"start":{"line":2483,"column":50},"end":{"line":2483,"column":57}},"851":{"start":{"line":2484,"column":6},"end":{"line":2484,"column":null}},"852":{"start":{"line":2484,"column":26},"end":{"line":2484,"column":46}},"853":{"start":{"line":2486,"column":17},"end":{"line":2486,"column":null}},"854":{"start":{"line":2487,"column":25},"end":{"line":2487,"column":null}},"855":{"start":{"line":2488,"column":39},"end":{"line":2488,"column":null}},"856":{"start":{"line":2490,"column":6},"end":{"line":2515,"column":null}},"857":{"start":{"line":2491,"column":26},"end":{"line":2491,"column":null}},"858":{"start":{"line":2494,"column":8},"end":{"line":2501,"column":null}},"859":{"start":{"line":2495,"column":10},"end":{"line":2495,"column":null}},"860":{"start":{"line":2496,"column":10},"end":{"line":2499,"column":null}},"861":{"start":{"line":2497,"column":12},"end":{"line":2497,"column":null}},"862":{"start":{"line":2498,"column":12},"end":{"line":2498,"column":null}},"863":{"start":{"line":2500,"column":10},"end":{"line":2500,"column":null}},"864":{"start":{"line":2504,"column":8},"end":{"line":2504,"column":null}},"865":{"start":{"line":2507,"column":8},"end":{"line":2514,"column":null}},"866":{"start":{"line":2508,"column":10},"end":{"line":2508,"column":null}},"867":{"start":{"line":2509,"column":10},"end":{"line":2509,"column":null}},"868":{"start":{"line":2510,"column":10},"end":{"line":2510,"column":null}},"869":{"start":{"line":2513,"column":10},"end":{"line":2513,"column":null}},"870":{"start":{"line":2518,"column":6},"end":{"line":2525,"column":null}},"871":{"start":{"line":2519,"column":8},"end":{"line":2519,"column":null}},"872":{"start":{"line":2520,"column":8},"end":{"line":2523,"column":null}},"873":{"start":{"line":2521,"column":10},"end":{"line":2521,"column":null}},"874":{"start":{"line":2522,"column":10},"end":{"line":2522,"column":null}},"875":{"start":{"line":2524,"column":8},"end":{"line":2524,"column":null}},"876":{"start":{"line":2526,"column":6},"end":{"line":2526,"column":null}},"877":{"start":{"line":2528,"column":6},"end":{"line":2528,"column":null}},"878":{"start":{"line":2533,"column":4},"end":{"line":2539,"column":null}},"879":{"start":{"line":2537,"column":8},"end":{"line":2537,"column":null}},"880":{"start":{"line":2542,"column":4},"end":{"line":2542,"column":null}},"881":{"start":{"line":2548,"column":4},"end":{"line":2550,"column":null}},"882":{"start":{"line":2549,"column":6},"end":{"line":2549,"column":null}},"883":{"start":{"line":2552,"column":4},"end":{"line":2554,"column":null}},"884":{"start":{"line":2553,"column":6},"end":{"line":2553,"column":null}},"885":{"start":{"line":2556,"column":4},"end":{"line":2556,"column":null}},"886":{"start":{"line":2557,"column":4},"end":{"line":2557,"column":null}},"887":{"start":{"line":2561,"column":4},"end":{"line":2561,"column":null}},"888":{"start":{"line":2563,"column":4},"end":{"line":2563,"column":null}},"889":{"start":{"line":2565,"column":4},"end":{"line":2565,"column":null}},"890":{"start":{"line":2571,"column":31},"end":{"line":2701,"column":null}},"891":{"start":{"line":2572,"column":20},"end":{"line":2572,"column":null}},"892":{"start":{"line":2580,"column":4},"end":{"line":2583,"column":null}},"893":{"start":{"line":2586,"column":4},"end":{"line":2589,"column":null}},"894":{"start":{"line":2596,"column":4},"end":{"line":2599,"column":null}},"895":{"start":{"line":2601,"column":4},"end":{"line":2601,"column":null}},"896":{"start":{"line":2603,"column":4},"end":{"line":2603,"column":null}},"897":{"start":{"line":2606,"column":4},"end":{"line":2606,"column":null}},"898":{"start":{"line":2609,"column":4},"end":{"line":2609,"column":null}},"899":{"start":{"line":2616,"column":25},"end":{"line":2616,"column":null}},"900":{"start":{"line":2617,"column":21},"end":{"line":2617,"column":null}},"901":{"start":{"line":2618,"column":26},"end":{"line":2618,"column":null}},"902":{"start":{"line":2619,"column":4},"end":{"line":2681,"column":null}},"903":{"start":{"line":2620,"column":6},"end":{"line":2620,"column":null}},"904":{"start":{"line":2621,"column":6},"end":{"line":2621,"column":null}},"905":{"start":{"line":2625,"column":6},"end":{"line":2628,"column":null}},"906":{"start":{"line":2632,"column":6},"end":{"line":2635,"column":null}},"907":{"start":{"line":2639,"column":6},"end":{"line":2642,"column":null}},"908":{"start":{"line":2646,"column":6},"end":{"line":2649,"column":null}},"909":{"start":{"line":2653,"column":6},"end":{"line":2656,"column":null}},"910":{"start":{"line":2661,"column":6},"end":{"line":2664,"column":null}},"911":{"start":{"line":2666,"column":6},"end":{"line":2669,"column":null}},"912":{"start":{"line":2673,"column":6},"end":{"line":2676,"column":null}},"913":{"start":{"line":2677,"column":6},"end":{"line":2680,"column":null}},"914":{"start":{"line":2684,"column":4},"end":{"line":2689,"column":null}},"915":{"start":{"line":2688,"column":6},"end":{"line":2688,"column":null}},"916":{"start":{"line":2693,"column":4},"end":{"line":2693,"column":null}},"917":{"start":{"line":2694,"column":4},"end":{"line":2694,"column":null}},"918":{"start":{"line":2695,"column":4},"end":{"line":2695,"column":null}},"919":{"start":{"line":2696,"column":4},"end":{"line":2696,"column":null}},"920":{"start":{"line":2697,"column":4},"end":{"line":2697,"column":null}},"921":{"start":{"line":2698,"column":4},"end":{"line":2698,"column":null}},"922":{"start":{"line":2700,"column":4},"end":{"line":2700,"column":null}},"923":{"start":{"line":2707,"column":8},"end":{"line":3095,"column":null}},"924":{"start":{"line":2709,"column":6},"end":{"line":3088,"column":null}},"925":{"start":{"line":2710,"column":24},"end":{"line":2710,"column":null}},"926":{"start":{"line":2714,"column":14},"end":{"line":2714,"column":null}},"927":{"start":{"line":2715,"column":8},"end":{"line":2715,"column":null}},"928":{"start":{"line":2719,"column":38},"end":{"line":2719,"column":null}},"929":{"start":{"line":2720,"column":8},"end":{"line":2720,"column":null}},"930":{"start":{"line":2724,"column":37},"end":{"line":2724,"column":null}},"931":{"start":{"line":2725,"column":8},"end":{"line":2725,"column":null}},"932":{"start":{"line":2730,"column":41},"end":{"line":2730,"column":null}},"933":{"start":{"line":2731,"column":30},"end":{"line":2731,"column":null}},"934":{"start":{"line":2732,"column":8},"end":{"line":2749,"column":null}},"935":{"start":{"line":2734,"column":10},"end":{"line":2738,"column":null}},"936":{"start":{"line":2735,"column":32},"end":{"line":2735,"column":null}},"937":{"start":{"line":2736,"column":12},"end":{"line":2736,"column":null}},"938":{"start":{"line":2737,"column":12},"end":{"line":2737,"column":null}},"939":{"start":{"line":2739,"column":10},"end":{"line":2743,"column":null}},"940":{"start":{"line":2740,"column":32},"end":{"line":2740,"column":null}},"941":{"start":{"line":2741,"column":12},"end":{"line":2741,"column":null}},"942":{"start":{"line":2742,"column":12},"end":{"line":2742,"column":null}},"943":{"start":{"line":2744,"column":10},"end":{"line":2748,"column":null}},"944":{"start":{"line":2745,"column":32},"end":{"line":2745,"column":null}},"945":{"start":{"line":2746,"column":12},"end":{"line":2746,"column":null}},"946":{"start":{"line":2747,"column":12},"end":{"line":2747,"column":null}},"947":{"start":{"line":2752,"column":8},"end":{"line":2752,"column":null}},"948":{"start":{"line":2755,"column":8},"end":{"line":2759,"column":null}},"949":{"start":{"line":2756,"column":10},"end":{"line":2758,"column":null}},"950":{"start":{"line":2757,"column":12},"end":{"line":2757,"column":null}},"951":{"start":{"line":2763,"column":8},"end":{"line":2763,"column":null}},"952":{"start":{"line":2766,"column":8},"end":{"line":2766,"column":null}},"953":{"start":{"line":2769,"column":8},"end":{"line":2769,"column":null}},"954":{"start":{"line":2773,"column":8},"end":{"line":2773,"column":null}},"955":{"start":{"line":2777,"column":8},"end":{"line":2777,"column":null}},"956":{"start":{"line":2782,"column":8},"end":{"line":2782,"column":null}},"957":{"start":{"line":2785,"column":8},"end":{"line":2785,"column":null}},"958":{"start":{"line":2788,"column":8},"end":{"line":2788,"column":null}},"959":{"start":{"line":2791,"column":8},"end":{"line":2791,"column":null}},"960":{"start":{"line":2795,"column":8},"end":{"line":2797,"column":null}},"961":{"start":{"line":2796,"column":10},"end":{"line":2796,"column":null}},"962":{"start":{"line":2798,"column":8},"end":{"line":2800,"column":null}},"963":{"start":{"line":2799,"column":10},"end":{"line":2799,"column":null}},"964":{"start":{"line":2801,"column":8},"end":{"line":2801,"column":null}},"965":{"start":{"line":2802,"column":8},"end":{"line":2802,"column":null}},"966":{"start":{"line":2803,"column":8},"end":{"line":2803,"column":null}},"967":{"start":{"line":2806,"column":8},"end":{"line":2806,"column":null}},"968":{"start":{"line":2811,"column":8},"end":{"line":2811,"column":null}},"969":{"start":{"line":2815,"column":34},"end":{"line":2819,"column":null}},"970":{"start":{"line":2816,"column":28},"end":{"line":2816,"column":null}},"971":{"start":{"line":2817,"column":28},"end":{"line":2817,"column":null}},"972":{"start":{"line":2818,"column":10},"end":{"line":2818,"column":null}},"973":{"start":{"line":2820,"column":8},"end":{"line":2828,"column":null}},"974":{"start":{"line":2821,"column":10},"end":{"line":2827,"column":null}},"975":{"start":{"line":2823,"column":12},"end":{"line":2825,"column":null}},"976":{"start":{"line":2824,"column":14},"end":{"line":2824,"column":null}},"977":{"start":{"line":2826,"column":12},"end":{"line":2826,"column":null}},"978":{"start":{"line":2833,"column":8},"end":{"line":2833,"column":null}},"979":{"start":{"line":2836,"column":33},"end":{"line":2840,"column":null}},"980":{"start":{"line":2837,"column":28},"end":{"line":2837,"column":null}},"981":{"start":{"line":2838,"column":28},"end":{"line":2838,"column":null}},"982":{"start":{"line":2839,"column":10},"end":{"line":2839,"column":null}},"983":{"start":{"line":2841,"column":8},"end":{"line":2849,"column":null}},"984":{"start":{"line":2842,"column":10},"end":{"line":2848,"column":null}},"985":{"start":{"line":2844,"column":12},"end":{"line":2846,"column":null}},"986":{"start":{"line":2845,"column":14},"end":{"line":2845,"column":null}},"987":{"start":{"line":2847,"column":12},"end":{"line":2847,"column":null}},"988":{"start":{"line":2852,"column":8},"end":{"line":2852,"column":null}},"989":{"start":{"line":2856,"column":8},"end":{"line":2856,"column":null}},"990":{"start":{"line":2860,"column":8},"end":{"line":2865,"column":null}},"991":{"start":{"line":2863,"column":12},"end":{"line":2863,"column":null}},"992":{"start":{"line":2868,"column":8},"end":{"line":2872,"column":null}},"993":{"start":{"line":2869,"column":10},"end":{"line":2871,"column":null}},"994":{"start":{"line":2870,"column":12},"end":{"line":2870,"column":null}},"995":{"start":{"line":2877,"column":8},"end":{"line":2877,"column":null}},"996":{"start":{"line":2881,"column":8},"end":{"line":2889,"column":null}},"997":{"start":{"line":2882,"column":10},"end":{"line":2888,"column":null}},"998":{"start":{"line":2884,"column":12},"end":{"line":2886,"column":null}},"999":{"start":{"line":2885,"column":14},"end":{"line":2885,"column":null}},"1000":{"start":{"line":2887,"column":12},"end":{"line":2887,"column":null}},"1001":{"start":{"line":2893,"column":41},"end":{"line":2893,"column":null}},"1002":{"start":{"line":2894,"column":8},"end":{"line":2926,"column":null}},"1003":{"start":{"line":2895,"column":29},"end":{"line":2895,"column":null}},"1004":{"start":{"line":2896,"column":10},"end":{"line":2923,"column":null}},"1005":{"start":{"line":2898,"column":30},"end":{"line":2898,"column":null}},"1006":{"start":{"line":2901,"column":12},"end":{"line":2907,"column":null}},"1007":{"start":{"line":2902,"column":28},"end":{"line":2902,"column":null}},"1008":{"start":{"line":2903,"column":14},"end":{"line":2906,"column":null}},"1009":{"start":{"line":2905,"column":16},"end":{"line":2905,"column":null}},"1010":{"start":{"line":2911,"column":26},"end":{"line":2911,"column":null}},"1011":{"start":{"line":2913,"column":12},"end":{"line":2913,"column":null}},"1012":{"start":{"line":2915,"column":12},"end":{"line":2915,"column":null}},"1013":{"start":{"line":2917,"column":12},"end":{"line":2917,"column":null}},"1014":{"start":{"line":2918,"column":12},"end":{"line":2918,"column":null}},"1015":{"start":{"line":2920,"column":12},"end":{"line":2922,"column":null}},"1016":{"start":{"line":2921,"column":14},"end":{"line":2921,"column":null}},"1017":{"start":{"line":2925,"column":10},"end":{"line":2925,"column":null}},"1018":{"start":{"line":2930,"column":8},"end":{"line":2930,"column":null}},"1019":{"start":{"line":2936,"column":8},"end":{"line":2936,"column":null}},"1020":{"start":{"line":2943,"column":8},"end":{"line":2943,"column":null}},"1021":{"start":{"line":2946,"column":8},"end":{"line":2948,"column":null}},"1022":{"start":{"line":2947,"column":10},"end":{"line":2947,"column":null}},"1023":{"start":{"line":2951,"column":8},"end":{"line":2953,"column":null}},"1024":{"start":{"line":2952,"column":10},"end":{"line":2952,"column":null}},"1025":{"start":{"line":2956,"column":8},"end":{"line":2960,"column":null}},"1026":{"start":{"line":2957,"column":10},"end":{"line":2957,"column":null}},"1027":{"start":{"line":2958,"column":10},"end":{"line":2958,"column":null}},"1028":{"start":{"line":2959,"column":10},"end":{"line":2959,"column":null}},"1029":{"start":{"line":2963,"column":8},"end":{"line":2963,"column":null}},"1030":{"start":{"line":2964,"column":8},"end":{"line":2964,"column":null}},"1031":{"start":{"line":2968,"column":8},"end":{"line":2968,"column":null}},"1032":{"start":{"line":2971,"column":8},"end":{"line":2971,"column":null}},"1033":{"start":{"line":2975,"column":8},"end":{"line":2975,"column":null}},"1034":{"start":{"line":2976,"column":8},"end":{"line":2976,"column":null}},"1035":{"start":{"line":2979,"column":8},"end":{"line":2986,"column":null}},"1036":{"start":{"line":2980,"column":10},"end":{"line":2985,"column":null}},"1037":{"start":{"line":2981,"column":12},"end":{"line":2983,"column":null}},"1038":{"start":{"line":2982,"column":14},"end":{"line":2982,"column":null}},"1039":{"start":{"line":2984,"column":12},"end":{"line":2984,"column":null}},"1040":{"start":{"line":2987,"column":8},"end":{"line":2994,"column":null}},"1041":{"start":{"line":2988,"column":10},"end":{"line":2993,"column":null}},"1042":{"start":{"line":2989,"column":12},"end":{"line":2991,"column":null}},"1043":{"start":{"line":2990,"column":14},"end":{"line":2990,"column":null}},"1044":{"start":{"line":2992,"column":12},"end":{"line":2992,"column":null}},"1045":{"start":{"line":2998,"column":8},"end":{"line":3020,"column":null}},"1046":{"start":{"line":2999,"column":29},"end":{"line":2999,"column":null}},"1047":{"start":{"line":3000,"column":10},"end":{"line":3017,"column":null}},"1048":{"start":{"line":3002,"column":30},"end":{"line":3002,"column":null}},"1049":{"start":{"line":3003,"column":12},"end":{"line":3008,"column":null}},"1050":{"start":{"line":3004,"column":28},"end":{"line":3004,"column":null}},"1051":{"start":{"line":3005,"column":14},"end":{"line":3007,"column":null}},"1052":{"start":{"line":3006,"column":16},"end":{"line":3006,"column":null}},"1053":{"start":{"line":3010,"column":26},"end":{"line":3010,"column":null}},"1054":{"start":{"line":3011,"column":12},"end":{"line":3011,"column":null}},"1055":{"start":{"line":3012,"column":12},"end":{"line":3012,"column":null}},"1056":{"start":{"line":3013,"column":12},"end":{"line":3013,"column":null}},"1057":{"start":{"line":3014,"column":12},"end":{"line":3016,"column":null}},"1058":{"start":{"line":3015,"column":14},"end":{"line":3015,"column":null}},"1059":{"start":{"line":3019,"column":10},"end":{"line":3019,"column":null}},"1060":{"start":{"line":3022,"column":8},"end":{"line":3043,"column":null}},"1061":{"start":{"line":3023,"column":29},"end":{"line":3023,"column":null}},"1062":{"start":{"line":3024,"column":10},"end":{"line":3040,"column":null}},"1063":{"start":{"line":3026,"column":30},"end":{"line":3026,"column":null}},"1064":{"start":{"line":3027,"column":12},"end":{"line":3032,"column":null}},"1065
[...]
,"/home/dan_wsl/jaydeelew/CompareIntel/frontend/src/utils/sentry.ts": {"path":"/home/dan_wsl/jaydeelew/CompareIntel/frontend/src/utils/sentry.ts","statementMap":{"0":{"start":{"line":21,"column":14},"end":{"line":21,"column":null}},"1":{"start":{"line":22,"column":22},"end":{"line":22,"column":null}},"2":{"start":{"line":25,"column":2},"end":{"line":30,"column":null}},"3":{"start":{"line":26,"column":4},"end":{"line":28,"column":null}},"4":{"start":{"line":27,"column":6},"end":{"line":27,"column":null}},"5":{"start":{"line":29,"column":4},"end":{"line":29,"column":null}},"6":{"start":{"line":33,"column":2},"end":{"line":36,"column":null}},"7":{"start":{"line":34,"column":4},"end":{"line":34,"column":null}},"8":{"start":{"line":35,"column":4},"end":{"line":35,"column":null}},"9":{"start":{"line":38,"column":2},"end":{"line":110,"column":null}},"10":{"start":{"line":81,"column":6},"end":{"line":83,"column":null}},"11":{"start":{"line":82,"column":8},"end":{"line":82,"column":null}},"12":{"start":{"line":86,"column":6},"end":{"line":89,"column":null}},"13":{"start":{"line":91,"column":6},"end":{"line":91,"column":null}},"14":{"start":{"line":112,"column":2},"end":{"line":114,"column":null}},"15":{"start":{"line":113,"column":4},"end":{"line":113,"column":null}},"16":{"start":{"line":121,"column":2},"end":{"line":128,"column":null}},"17":{"start":{"line":122,"column":4},"end":{"line":125,"column":null}},"18":{"start":{"line":123,"column":6},"end":{"line":123,"column":null}},"19":{"start":{"line":124,"column":6},"end":{"line":124,"column":null}},"20":{"start":{"line":127,"column":4},"end":{"line":127,"column":null}},"21":{"start":{"line":135,"column":2},"end":{"line":135,"column":null}},"22":{"start":{"line":142,"column":2},"end":{"line":149,"column":null}},"23":{"start":{"line":143,"column":4},"end":{"line":146,"column":null}},"24":{"start":{"line":148,"column":4},"end":{"line":148,"column":null}},"25":{"start":{"line":160,"column":2},"end":{"line":164,"column":null}}},"fnMap":{"0":{"name":"initSentry","decl":{"start":{"line":20,"column":16},"end":{"line":20,"column":35}},"loc":{"start":{"line":20,"column":35},"end":{"line":115,"column":null}},"line":20},"1":{"name":"(anonymous_1)","decl":{"start":{"line":79,"column":4},"end":{"line":79,"column":15}},"loc":{"start":{"line":79,"column":29},"end":{"line":92,"column":null}},"line":79},"2":{"name":"captureError","decl":{"start":{"line":120,"column":16},"end":{"line":120,"column":29}},"loc":{"start":{"line":120,"column":84},"end":{"line":129,"column":null}},"line":120},"3":{"name":"(anonymous_3)","decl":{"start":{"line":122,"column":21},"end":{"line":122,"column":30}},"loc":{"start":{"line":122,"column":30},"end":{"line":125,"column":5}},"line":122},"4":{"name":"captureMessage","decl":{"start":{"line":134,"column":16},"end":{"line":134,"column":31}},"loc":{"start":{"line":134,"column":92},"end":{"line":136,"column":null}},"line":134},"5":{"name":"setUserContext","decl":{"start":{"line":141,"column":16},"end":{"line":141,"column":31}},"loc":{"start":{"line":141,"column":82},"end":{"line":150,"column":null}},"line":141},"6":{"name":"addBreadcrumb","decl":{"start":{"line":155,"column":16},"end":{"line":155,"column":null}},"loc":{"start":{"line":159,"column":8},"end":{"line":165,"column":null}},"line":159}},"branchMap":{"0":{"loc":{"start":{"line":22,"column":22},"end":{"line":22,"column":null}},"type":"binary-expr","locations":[{"start":{"line":22,"column":22},"end":{"line":22,"column":65}},{"start":{"line":22,"column":65},"end":{"line":22,"column":null}}],"line":22},"1":{"loc":{"start":{"line":25,"column":2},"end":{"line":30,"column":null}},"type":"if","locations":[{"start":{"line":25,"column":2},"end":{"line":30,"column":null}},{"start":{},"end":{}}],"line":25},"2":{"loc":{"start":{"line":26,"column":4},"end":{"line":28,"column":null}},"type":"if","locations":[{"start":{"line":26,"column":4},"end":{"line":28,"column":null}},{"start":{},"end":{}}],"line":26},"3":{"loc":{"start":{"line":33,"column":2},"end":{"line":36,"column":null}},"type":"if","locations":[{"start":{"line":33,"column":2},"end":{"line":36,"column":null}},{"start":{},"end":{}}],"line":33},"4":{"loc":{"start":{"line":33,"column":6},"end":{"line":33,"column":60}},"type":"binary-expr","locations":[{"start":{"line":33,"column":6},"end":{"line":33,"column":29}},{"start":{"line":33,"column":29},"end":{"line":33,"column":60}}],"line":33},"5":{"loc":{"start":{"line":45,"column":22},"end":{"line":45,"column":null}},"type":"cond-expr","locations":[{"start":{"line":45,"column":53},"end":{"line":45,"column":59}},{"start":{"line":45,"column":59},"end":{"line":45,"column":null}}],"line":45},"6":{"loc":{"start":{"line":49,"column":30},"end":{"line":49,"column":null}},"type":"cond-expr","locations":[{"start":{"line":49,"column":61},"end":{"line":49,"column":68}},{"start":{"line":49,"column":68},"end":{"line":49,"column":null}}],"line":49},"7":{"loc":{"start":{"line":50,"column":30},"end":{"line":50,"column":null}},"type":"cond-expr","locations":[{"start":{"line":50,"column":61},"end":{"line":50,"column":67}},{"start":{"line":50,"column":67},"end":{"line":50,"column":null}}],"line":50},"8":{"loc":{"start":{"line":53,"column":13},"end":{"line":53,"column":null}},"type":"binary-expr","locations":[{"start":{"line":53,"column":13},"end":{"line":53,"column":49}},{"start":{"line":53,"column":49},"end":{"line":53,"column":null}}],"line":53},"9":{"loc":{"start":{"line":81,"column":6},"end":{"line":83,"column":null}},"type":"if","locations":[{"start":{"line":81,"column":6},"end":{"line":83,"column":null}},{"start":{},"end":{}}],"line":81},"10":{"loc":{"start":{"line":81,"column":10},"end":{"line":81,"column":91}},"type":"binary-expr","locations":[{"start":{"line":81,"column":10},"end":{"line":81,"column":43}},{"start":{"line":81,"column":43},"end":{"line":81,"column":91}}],"line":81},"11":{"loc":{"start":{"line":88,"column":21},"end":{"line":88,"column":null}},"type":"binary-expr","locations":[{"start":{"line":88,"column":21},"end":{"line":88,"column":57}},{"start":{"line":88,"column":57},"end":{"line":88,"column":null}}],"line":88},"12":{"loc":{"start":{"line":112,"column":2},"end":{"line":114,"column":null}},"type":"if","locations":[{"start":{"line":112,"column":2},"end":{"line":114,"column":null}},{"start":{},"end":{}}],"line":112},"13":{"loc":{"start":{"line":121,"column":2},"end":{"line":128,"column":null}},"type":"if","locations":[{"start":{"line":121,"column":2},"end":{"line":128,"column":null}},{"start":{"line":126,"column":9},"end":{"line":128,"column":null}}],"line":121},"14":{"loc":{"start":{"line":134,"column":48},"end":{"line":134,"column":92}},"type":"default-arg","locations":[{"start":{"line":134,"column":78},"end":{"line":134,"column":92}}],"line":134},"15":{"loc":{"start":{"line":142,"column":2},"end":{"line":149,"column":null}},"type":"if","locations":[{"start":{"line":142,"column":2},"end":{"line":149,"column":null}},{"start":{"line":147,"column":9},"end":{"line":149,"column":null}}],"line":142},"16":{"loc":{"start":{"line":157,"column":2},"end":{"line":157,"column":null}},"type":"default-arg","locations":[{"start":{"line":157,"column":21},"end":{"line":157,"column":null}}],"line":157},"17":{"loc":{"start":{"line":158,"column":2},"end":{"line":158,"column":null}},"type":"default-arg","locations":[{"start":{"line":158,"column":32},"end":{"line":158,"column":null}}],"line":158}},"s":{"0":2,"1":2,"2":2,"3":1,"4":1,"5":1,"6":1,"7":0,"8":0,"9":1,"10":0,"11":0,"12":0,"13":0,"14":2,"15":0,"16":2,"17":1,"18":1,"19":1,"20":1,"21":5,"22":2,"23":1,"24":1,"25":3},"f":{"0":2,"1":0,"2":2,"3":1,"4":5,"5":2,"6":3},"b":{"0":[2,1],"1":[1,1],"2":[1,0],"3":[0,1],"4":[1,0],"5":[0,1],"6":[0,1],"7":[0,1],"8":[2,1],"9":[0,0],"10":[0,0],"11":[0,0],"12":[0,2],"13":[1,1],"14":[5],"15":[1,1],"16":[3],"17":[3]},"meta":{"lastBranch":18,"lastFunction":7,"lastStatement":26,"seen":{"f:20:16:20:35":0,"s:21:14:21:Infinity":0,"s:22:22:22:Infinity":1,"b:22:22:22:65:22:65:22:Infinity":0,"b:25:2:30:Infinity:undefined:undefined:undefined:undefined":1,"s:25:2:30:Infinity":2,"b:26:4:28:Infinity:undefined:undefined:undefined:undefined":2,"s:26:4:28:Infinity":3,"s:27:6:27:Infinity":4,"s:29:4:29:Infinity":5,"b:33:2:36:Infinity:undefined:undefined:undefined:undefined":3,"s:33:2:36:Infinity":6,"b:33:6:33:29:33:29:33:60":4,"s:34:4:34:Infinity":7,"s:35:4:35:Infinity":8,"s:38:2:110:Infinity":9,"b:45:53:45:59:45:59:45:Infinity":5,"b:49:61:49:68:49:68:49:Infinity":6,"b:50:61:50:67:50:67:50:Infinity":7,"b:53:13:53:49:53:49:53:Infinity":8,"f:79:4:79:15":1,"b:81:6:83:Infinity:undefined:undefined:undefined:undefined":9,"s:81:6:83:Infinity":10,"b:81:10:81:43:81:43:81:91":10,"s:82:8:82:Infinity":11,"s:86:6:89:Infinity":12,"b:88:21:88:57:88:57:88:Infinity":11,"s:91:6:91:Infinity":13,"b:112:2:114:Infinity:undefined:undefined:undefined:undefined":12,"s:112:2:114:Infinity":14,"s:113:4:113:Infinity":15,"f:120:16:120:29":2,"b:121:2:128:Infinity:126:9:128:Infinity":13,"s:121:2:128:Infinity":16,"s:122:4:125:Infinity":17,"f:122:21:122:30":3,"s:123:6:123:Infinity":18,"s:124:6:124:Infinity":19,"s:127:4:127:Infinity":20,"f:134:16:134:31":4,"b:134:78:134:92":14,"s:135:2:135:Infinity":21,"f:141:16:141:31":5,"b:142:2:149:Infinity:147:9:149:Infinity":15,"s:142:2:149:Infinity":22,"s:143:4:146:Infinity":23,"s:148:4:148:Infinity":24,"f:155:16:155:Infinity":6,"b:157:21:157:Infinity":16,"b:158:32:158:Infinity":17,"s:160:2:164:Infinity":25}}}
,"/home/dan_wsl/jaydeelew/CompareIntel/frontend/src/utils/sessionState.ts": {"path":"/home/dan_wsl/jaydeelew/CompareIntel/frontend/src/utils/sessionState.ts","statementMap":{"0":{"start":{"line":8,"column":26},"end":{"line":8,"column":null}},"1":{"start":{"line":9,"column":25},"end":{"line":9,"column":null}},"2":{"start":{"line":29,"column":2},"end":{"line":38,"column":null}},"3":{"start":{"line":30,"column":47},"end":{"line":33,"column":null}},"4":{"start":{"line":34,"column":4},"end":{"line":34,"column":null}},"5":{"start":{"line":35,"column":4},"end":{"line":35,"column":null}},"6":{"start":{"line":37,"column":4},"end":{"line":37,"column":null}},"7":{"start":{"line":46,"column":2},"end":{"line":74,"column":null}},"8":{"start":{"line":47,"column":19},"end":{"line":47,"column":null}},"9":{"start":{"line":48,"column":4},"end":{"line":48,"column":null}},"10":{"start":{"line":48,"column":17},"end":{"line":48,"column":null}},"11":{"start":{"line":50,"column":41},"end":{"line":50,"column":null}},"12":{"start":{"line":53,"column":4},"end":{"line":57,"column":null}},"13":{"start":{"line":54,"column":6},"end":{"line":54,"column":null}},"14":{"start":{"line":55,"column":6},"end":{"line":55,"column":null}},"15":{"start":{"line":56,"column":6},"end":{"line":56,"column":null}},"16":{"start":{"line":60,"column":20},"end":{"line":60,"column":null}},"17":{"start":{"line":61,"column":16},"end":{"line":61,"column":null}},"18":{"start":{"line":62,"column":10},"end":{"line":62,"column":null}},"19":{"start":{"line":63,"column":4},"end":{"line":67,"column":null}},"20":{"start":{"line":64,"column":6},"end":{"line":64,"column":null}},"21":{"start":{"line":65,"column":6},"end":{"line":65,"column":null}},"22":{"start":{"line":66,"column":6},"end":{"line":66,"column":null}},"23":{"start":{"line":69,"column":4},"end":{"line":69,"column":null}},"24":{"start":{"line":70,"column":4},"end":{"line":70,"column":null}},"25":{"start":{"line":72,"column":4},"end":{"line":72,"column":null}},"26":{"start":{"line":73,"column":4},"end":{"line":73,"column":null}},"27":{"start":{"line":81,"column":2},"end":{"line":86,"column":null}},"28":{"start":{"line":82,"column":4},"end":{"line":82,"column":null}},"29":{"start":{"line":83,"column":4},"end":{"line":83,"column":null}},"30":{"start":{"line":85,"column":4},"end":{"line":85,"column":null}},"31":{"start":{"line":93,"column":16},"end":{"line":93,"column":null}},"32":{"start":{"line":94,"column":2},"end":{"line":94,"column":null}},"33":{"start":{"line":101,"column":18},"end":{"line":101,"column":null}},"34":{"start":{"line":101,"column":24},"end":{"line":101,"column":null}},"35":{"start":{"line":102,"column":2},"end":{"line":102,"column":null}},"36":{"start":{"line":103,"column":2},"end":{"line":103,"column":null}},"37":{"start":{"line":103,"column":15},"end":{"line":103,"column":null}}},"fnMap":{"0":{"name":"saveSessionState","decl":{"start":{"line":28,"column":16},"end":{"line":28,"column":33}},"loc":{"start":{"line":28,"column":86},"end":{"line":39,"column":null}},"line":28},"1":{"name":"loadSessionState","decl":{"start":{"line":45,"column":16},"end":{"line":45,"column":33}},"loc":{"start":{"line":45,"column":79},"end":{"line":75,"column":null}},"line":45},"2":{"name":"clearSessionState","decl":{"start":{"line":80,"column":16},"end":{"line":80,"column":42}},"loc":{"start":{"line":80,"column":42},"end":{"line":87,"column":null}},"line":80},"3":{"name":"dispatchSaveStateEvent","decl":{"start":{"line":92,"column":16},"end":{"line":92,"column":47}},"loc":{"start":{"line":92,"column":47},"end":{"line":95,"column":null}},"line":92},"4":{"name":"onSaveStateEvent","decl":{"start":{"line":100,"column":16},"end":{"line":100,"column":33}},"loc":{"start":{"line":100,"column":67},"end":{"line":104,"column":null}},"line":100},"5":{"name":"(anonymous_5)","decl":{"start":{"line":101,"column":18},"end":{"line":101,"column":24}},"loc":{"start":{"line":101,"column":24},"end":{"line":101,"column":null}},"line":101},"6":{"name":"(anonymous_6)","decl":{"start":{"line":103,"column":9},"end":{"line":103,"column":15}},"loc":{"start":{"line":103,"column":15},"end":{"line":103,"column":null}},"line":103}},"branchMap":{"0":{"loc":{"start":{"line":48,"column":4},"end":{"line":48,"column":null}},"type":"if","locations":[{"start":{"line":48,"column":4},"end":{"line":48,"column":null}},{"start":{},"end":{}}],"line":48},"1":{"loc":{"start":{"line":53,"column":4},"end":{"line":57,"column":null}},"type":"if","locations":[{"start":{"line":53,"column":4},"end":{"line":57,"column":null}},{"start":{},"end":{}}],"line":53},"2":{"loc":{"start":{"line":63,"column":4},"end":{"line":67,"column":null}},"type":"if","locations":[{"start":{"line":63,"column":4},"end":{"line":67,"column":null}},{"start":{},"end":{}}],"line":63}},"s":{"0":5,"1":5,"2":8,"3":8,"4":8,"5":8,"6":1,"7":6,"8":6,"9":6,"10":1,"11":5,"12":5,"13":1,"14":1,"15":1,"16":3,"17":3,"18":3,"19":3,"20":1,"21":1,"22":1,"23":2,"24":2,"25":1,"26":1,"27":4,"28":4,"29":4,"30":0,"31":4,"32":4,"33":6,"34":4,"35":6,"36":6,"37":5},"f":{"0":8,"1":6,"2":4,"3":4,"4":6,"5":4,"6":5},"b":{"0":[1,5],"1":[1,4],"2":[1,2]},"meta":{"lastBranch":3,"lastFunction":7,"lastStatement":38,"seen":{"s:8:26:8:Infinity":0,"s:9:25:9:Infinity":1,"f:28:16:28:33":0,"s:29:2:38:Infinity":2,"s:30:47:33:Infinity":3,"s:34:4:34:Infinity":4,"s:35:4:35:Infinity":5,"s:37:4:37:Infinity":6,"f:45:16:45:33":1,"s:46:2:74:Infinity":7,"s:47:19:47:Infinity":8,"b:48:4:48:Infinity:undefined:undefined:undefined:undefined":0,"s:48:4:48:Infinity":9,"s:48:17:48:Infinity":10,"s:50:41:50:Infinity":11,"b:53:4:57:Infinity:undefined:undefined:undefined:undefined":1,"s:53:4:57:Infinity":12,"s:54:6:54:Infinity":13,"s:55:6:55:Infinity":14,"s:56:6:56:Infinity":15,"s:60:20:60:Infinity":16,"s:61:16:61:Infinity":17,"s:62:10:62:Infinity":18,"b:63:4:67:Infinity:undefined:undefined:undefined:undefined":2,"s:63:4:67:Infinity":19,"s:64:6:64:Infinity":20,"s:65:6:65:Infinity":21,"s:66:6:66:Infinity":22,"s:69:4:69:Infinity":23,"s:70:4:70:Infinity":24,"s:72:4:72:Infinity":25,"s:73:4:73:Infinity":26,"f:80:16:80:42":2,"s:81:2:86:Infinity":27,"s:82:4:82:Infinity":28,"s:83:4:83:Infinity":29,"s:85:4:85:Infinity":30,"f:92:16:92:47":3,"s:93:16:93:Infinity":31,"s:94:2:94:Infinity":32,"f:100:16:100:33":4,"s:101:18:101:Infinity":33,"f:101:18:101:24":5,"s:101:24:101:Infinity":34,"s:102:2:102:Infinity":35,"s:103:2:103:Infinity":36,"f:103:9:103:15":6,"s:103:15:103:Infinity":37}}}
,"/home/dan_wsl/jaydeelew/CompareIntel/frontend/src/utils/validation.ts": {"path":"/home/dan_wsl/jaydeelew/CompareIntel/frontend/src/utils/validation.ts","statementMap":{"0":{"start":{"line":25,"column":2},"end":{"line":27,"column":null}},"1":{"start":{"line":26,"column":4},"end":{"line":26,"column":null}},"2":{"start":{"line":28,"column":2},"end":{"line":28,"column":null}},"3":{"start":{"line":47,"column":21},"end":{"line":47,"column":null}},"4":{"start":{"line":48,"column":2},"end":{"line":48,"column":null}},"5":{"start":{"line":68,"column":2},"end":{"line":73,"column":null}},"6":{"start":{"line":69,"column":4},"end":{"line":72,"column":null}},"7":{"start":{"line":74,"column":2},"end":{"line":74,"column":null}},"8":{"start":{"line":91,"column":2},"end":{"line":91,"column":null}},"9":{"start":{"line":111,"column":2},"end":{"line":116,"column":null}},"10":{"start":{"line":112,"column":4},"end":{"line":115,"column":null}},"11":{"start":{"line":117,"column":2},"end":{"line":117,"column":null}}},"fnMap":{"0":{"name":"getSafeId","decl":{"start":{"line":23,"column":16},"end":{"line":23,"column":26}},"loc":{"start":{"line":23,"column":51},"end":{"line":29,"column":null}},"line":23},"1":{"name":"validateEmail","decl":{"start":{"line":46,"column":16},"end":{"line":46,"column":30}},"loc":{"start":{"line":46,"column":54},"end":{"line":49,"column":null}},"line":46},"2":{"name":"validateInputLength","decl":{"start":{"line":64,"column":16},"end":{"line":64,"column":null}},"loc":{"start":{"line":67,"column":46},"end":{"line":75,"column":null}},"line":67},"3":{"name":"isEmpty","decl":{"start":{"line":90,"column":16},"end":{"line":90,"column":24}},"loc":{"start":{"line":90,"column":48},"end":{"line":92,"column":null}},"line":90},"4":{"name":"validateNotEmpty","decl":{"start":{"line":107,"column":16},"end":{"line":107,"column":null}},"loc":{"start":{"line":110,"column":46},"end":{"line":118,"column":null}},"line":110}},"branchMap":{"0":{"loc":{"start":{"line":25,"column":2},"end":{"line":27,"column":null}},"type":"if","locations":[{"start":{"line":25,"column":2},"end":{"line":27,"column":null}},{"start":{},"end":{}}],"line":25},"1":{"loc":{"start":{"line":25,"column":6},"end":{"line":25,"column":47}},"type":"binary-expr","locations":[{"start":{"line":25,"column":6},"end":{"line":25,"column":18}},{"start":{"line":25,"column":18},"end":{"line":25,"column":47}}],"line":25},"2":{"loc":{"start":{"line":68,"column":2},"end":{"line":73,"column":null}},"type":"if","locations":[{"start":{"line":68,"column":2},"end":{"line":73,"column":null}},{"start":{},"end":{}}],"line":68},"3":{"loc":{"start":{"line":109,"column":2},"end":{"line":109,"column":null}},"type":"default-arg","locations":[{"start":{"line":109,"column":22},"end":{"line":109,"column":null}}],"line":109},"4":{"loc":{"start":{"line":111,"column":2},"end":{"line":116,"column":null}},"type":"if","locations":[{"start":{"line":111,"column":2},"end":{"line":116,"column":null}},{"start":{},"end":{}}],"line":111}},"s":{"0":28,"1":1,"2":27,"3":8,"4":8,"5":4,"6":1,"7":3,"8":10,"9":5,"10":4,"11":1},"f":{"0":28,"1":8,"2":4,"3":10,"4":5},"b":{"0":[1,27],"1":[28,27],"2":[1,3],"3":[5],"4":[4,1]},"meta":{"lastBranch":5,"lastFunction":5,"lastStatement":12,"seen":{"f:23:16:23:26":0,"b:25:2:27:Infinity:undefined:undefined:undefined:undefined":0,"s:25:2:27:Infinity":0,"b:25:6:25:18:25:18:25:47":1,"s:26:4:26:Infinity":1,"s:28:2:28:Infinity":2,"f:46:16:46:30":1,"s:47:21:47:Infinity":3,"s:48:2:48:Infinity":4,"f:64:16:64:Infinity":2,"b:68:2:73:Infinity:undefined:undefined:undefined:undefined":2,"s:68:2:73:Infinity":5,"s:69:4:72:Infinity":6,"s:74:2:74:Infinity":7,"f:90:16:90:24":3,"s:91:2:91:Infinity":8,"f:107:16:107:Infinity":4,"b:109:22:109:Infinity":3,"b:111:2:116:Infinity:undefined:undefined:undefined:undefined":4,"s:111:2:116:Infinity":9,"s:112:4:115:Infinity":10,"s:117:2:117:Infinity":11}}}
}
